[2019-06-26 12:32:05] local.ERROR: SQLSTATE[42S02]: Base table or view not found: 1051 Unknown table 'groepa-ipmedt4.complaints' (SQL: drop table `complaints`) {"exception":"[object] (Illuminate\\Database\\QueryException(code: 42S02): SQLSTATE[42S02]: Base table or view not found: 1051 Unknown table 'groepa-ipmedt4.complaints' (SQL: drop table `complaints`) at C:\\Users\\Larsd\\Documents\\School\\Jaar2\\Periode4\\IPMEDT4\\ipmedt4-groepa\\laravel-backend\\vendor\\laravel\\framework\\src\\Illuminate\\Database\\Connection.php:664, PDOException(code: 42S02): SQLSTATE[42S02]: Base table or view not found: 1051 Unknown table 'groepa-ipmedt4.complaints' at C:\\Users\\Larsd\\Documents\\School\\Jaar2\\Periode4\\IPMEDT4\\ipmedt4-groepa\\laravel-backend\\vendor\\laravel\\framework\\src\\Illuminate\\Database\\Connection.php:458)
[stacktrace]
#0 C:\\Users\\Larsd\\Documents\\School\\Jaar2\\Periode4\\IPMEDT4\\ipmedt4-groepa\\laravel-backend\\vendor\\laravel\\framework\\src\\Illuminate\\Database\\Connection.php(624): Illuminate\\Database\\Connection->runQueryCallback('drop table `com...', Array, Object(Closure))
#1 C:\\Users\\Larsd\\Documents\\School\\Jaar2\\Periode4\\IPMEDT4\\ipmedt4-groepa\\laravel-backend\\vendor\\laravel\\framework\\src\\Illuminate\\Database\\Connection.php(459): Illuminate\\Database\\Connection->run('drop table `com...', Array, Object(Closure))
#2 C:\\Users\\Larsd\\Documents\\School\\Jaar2\\Periode4\\IPMEDT4\\ipmedt4-groepa\\laravel-backend\\vendor\\laravel\\framework\\src\\Illuminate\\Database\\Schema\\Blueprint.php(97): Illuminate\\Database\\Connection->statement('drop table `com...')
#3 C:\\Users\\Larsd\\Documents\\School\\Jaar2\\Periode4\\IPMEDT4\\ipmedt4-groepa\\laravel-backend\\vendor\\laravel\\framework\\src\\Illuminate\\Database\\Schema\\Builder.php(278): Illuminate\\Database\\Schema\\Blueprint->build(Object(Illuminate\\Database\\MySqlConnection), Object(Illuminate\\Database\\Schema\\Grammars\\MySqlGrammar))
#4 C:\\Users\\Larsd\\Documents\\School\\Jaar2\\Periode4\\IPMEDT4\\ipmedt4-groepa\\laravel-backend\\vendor\\laravel\\framework\\src\\Illuminate\\Database\\Schema\\Builder.php(180): Illuminate\\Database\\Schema\\Builder->build(Object(Illuminate\\Database\\Schema\\Blueprint))
#5 C:\\Users\\Larsd\\Documents\\School\\Jaar2\\Periode4\\IPMEDT4\\ipmedt4-groepa\\laravel-backend\\vendor\\laravel\\framework\\src\\Illuminate\\Support\\Facades\\Facade.php(237): Illuminate\\Database\\Schema\\Builder->drop('complaints')
#6 C:\\Users\\Larsd\\Documents\\School\\Jaar2\\Periode4\\IPMEDT4\\ipmedt4-groepa\\laravel-backend\\database\\migrations\\2019_06_13_100016_complaints.php(34): Illuminate\\Support\\Facades\\Facade::__callStatic('drop', Array)
#7 C:\\Users\\Larsd\\Documents\\School\\Jaar2\\Periode4\\IPMEDT4\\ipmedt4-groepa\\laravel-backend\\vendor\\laravel\\framework\\src\\Illuminate\\Database\\Migrations\\Migrator.php(379): Complaints->down()
#8 C:\\Users\\Larsd\\Documents\\School\\Jaar2\\Periode4\\IPMEDT4\\ipmedt4-groepa\\laravel-backend\\vendor\\laravel\\framework\\src\\Illuminate\\Database\\Migrations\\Migrator.php(388): Illuminate\\Database\\Migrations\\Migrator->Illuminate\\Database\\Migrations\\{closure}()
#9 C:\\Users\\Larsd\\Documents\\School\\Jaar2\\Periode4\\IPMEDT4\\ipmedt4-groepa\\laravel-backend\\vendor\\laravel\\framework\\src\\Illuminate\\Database\\Migrations\\Migrator.php(352): Illuminate\\Database\\Migrations\\Migrator->runMigration(Object(Complaints), 'down')
#10 C:\\Users\\Larsd\\Documents\\School\\Jaar2\\Periode4\\IPMEDT4\\ipmedt4-groepa\\laravel-backend\\vendor\\laravel\\framework\\src\\Illuminate\\Database\\Migrations\\Migrator.php(275): Illuminate\\Database\\Migrations\\Migrator->runDown('C:\\\\Users\\\\Larsd\\\\...', Object(stdClass), false)
#11 C:\\Users\\Larsd\\Documents\\School\\Jaar2\\Periode4\\IPMEDT4\\ipmedt4-groepa\\laravel-backend\\vendor\\laravel\\framework\\src\\Illuminate\\Database\\Migrations\\Migrator.php(325): Illuminate\\Database\\Migrations\\Migrator->rollbackMigrations(Array, Array, Array)
#12 C:\\Users\\Larsd\\Documents\\School\\Jaar2\\Periode4\\IPMEDT4\\ipmedt4-groepa\\laravel-backend\\vendor\\laravel\\framework\\src\\Illuminate\\Database\\Migrations\\Migrator.php(304): Illuminate\\Database\\Migrations\\Migrator->resetMigrations(Array, Array, false)
#13 C:\\Users\\Larsd\\Documents\\School\\Jaar2\\Periode4\\IPMEDT4\\ipmedt4-groepa\\laravel-backend\\vendor\\laravel\\framework\\src\\Illuminate\\Database\\Console\\Migrations\\ResetCommand.php(68): Illuminate\\Database\\Migrations\\Migrator->reset(Array, false)
#14 [internal function]: Illuminate\\Database\\Console\\Migrations\\ResetCommand->handle()
#15 C:\\Users\\Larsd\\Documents\\School\\Jaar2\\Periode4\\IPMEDT4\\ipmedt4-groepa\\laravel-backend\\vendor\\laravel\\framework\\src\\Illuminate\\Container\\BoundMethod.php(32): call_user_func_array(Array, Array)
#16 C:\\Users\\Larsd\\Documents\\School\\Jaar2\\Periode4\\IPMEDT4\\ipmedt4-groepa\\laravel-backend\\vendor\\laravel\\framework\\src\\Illuminate\\Container\\BoundMethod.php(90): Illuminate\\Container\\BoundMethod::Illuminate\\Container\\{closure}()
#17 C:\\Users\\Larsd\\Documents\\School\\Jaar2\\Periode4\\IPMEDT4\\ipmedt4-groepa\\laravel-backend\\vendor\\laravel\\framework\\src\\Illuminate\\Container\\BoundMethod.php(34): Illuminate\\Container\\BoundMethod::callBoundMethod(Object(Illuminate\\Foundation\\Application), Array, Object(Closure))
#18 C:\\Users\\Larsd\\Documents\\School\\Jaar2\\Periode4\\IPMEDT4\\ipmedt4-groepa\\laravel-backend\\vendor\\laravel\\framework\\src\\Illuminate\\Container\\Container.php(576): Illuminate\\Container\\BoundMethod::call(Object(Illuminate\\Foundation\\Application), Array, Array, NULL)
#19 C:\\Users\\Larsd\\Documents\\School\\Jaar2\\Periode4\\IPMEDT4\\ipmedt4-groepa\\laravel-backend\\vendor\\laravel\\framework\\src\\Illuminate\\Console\\Command.php(183): Illuminate\\Container\\Container->call(Array)
#20 C:\\Users\\Larsd\\Documents\\School\\Jaar2\\Periode4\\IPMEDT4\\ipmedt4-groepa\\laravel-backend\\vendor\\symfony\\console\\Command\\Command.php(255): Illuminate\\Console\\Command->execute(Object(Symfony\\Component\\Console\\Input\\ArrayInput), Object(Illuminate\\Console\\OutputStyle))
#21 C:\\Users\\Larsd\\Documents\\School\\Jaar2\\Periode4\\IPMEDT4\\ipmedt4-groepa\\laravel-backend\\vendor\\laravel\\framework\\src\\Illuminate\\Console\\Command.php(170): Symfony\\Component\\Console\\Command\\Command->run(Object(Symfony\\Component\\Console\\Input\\ArrayInput), Object(Illuminate\\Console\\OutputStyle))
#22 C:\\Users\\Larsd\\Documents\\School\\Jaar2\\Periode4\\IPMEDT4\\ipmedt4-groepa\\laravel-backend\\vendor\\laravel\\framework\\src\\Illuminate\\Console\\Command.php(198): Illuminate\\Console\\Command->run(Object(Symfony\\Component\\Console\\Input\\ArrayInput), Object(Illuminate\\Console\\OutputStyle))
#23 C:\\Users\\Larsd\\Documents\\School\\Jaar2\\Periode4\\IPMEDT4\\ipmedt4-groepa\\laravel-backend\\vendor\\laravel\\framework\\src\\Illuminate\\Database\\Console\\Migrations\\RefreshCommand.php(100): Illuminate\\Console\\Command->call('migrate:reset', Array)
#24 C:\\Users\\Larsd\\Documents\\School\\Jaar2\\Periode4\\IPMEDT4\\ipmedt4-groepa\\laravel-backend\\vendor\\laravel\\framework\\src\\Illuminate\\Database\\Console\\Migrations\\RefreshCommand.php(53): Illuminate\\Database\\Console\\Migrations\\RefreshCommand->runReset(NULL, NULL)
#25 [internal function]: Illuminate\\Database\\Console\\Migrations\\RefreshCommand->handle()
#26 C:\\Users\\Larsd\\Documents\\School\\Jaar2\\Periode4\\IPMEDT4\\ipmedt4-groepa\\laravel-backend\\vendor\\laravel\\framework\\src\\Illuminate\\Container\\BoundMethod.php(32): call_user_func_array(Array, Array)
#27 C:\\Users\\Larsd\\Documents\\School\\Jaar2\\Periode4\\IPMEDT4\\ipmedt4-groepa\\laravel-backend\\vendor\\laravel\\framework\\src\\Illuminate\\Container\\BoundMethod.php(90): Illuminate\\Container\\BoundMethod::Illuminate\\Container\\{closure}()
#28 C:\\Users\\Larsd\\Documents\\School\\Jaar2\\Periode4\\IPMEDT4\\ipmedt4-groepa\\laravel-backend\\vendor\\laravel\\framework\\src\\Illuminate\\Container\\BoundMethod.php(34): Illuminate\\Container\\BoundMethod::callBoundMethod(Object(Illuminate\\Foundation\\Application), Array, Object(Closure))
#29 C:\\Users\\Larsd\\Documents\\School\\Jaar2\\Periode4\\IPMEDT4\\ipmedt4-groepa\\laravel-backend\\vendor\\laravel\\framework\\src\\Illuminate\\Container\\Container.php(576): Illuminate\\Container\\BoundMethod::call(Object(Illuminate\\Foundation\\Application), Array, Array, NULL)
#30 C:\\Users\\Larsd\\Documents\\School\\Jaar2\\Periode4\\IPMEDT4\\ipmedt4-groepa\\laravel-backend\\vendor\\laravel\\framework\\src\\Illuminate\\Console\\Command.php(183): Illuminate\\Container\\Container->call(Array)
#31 C:\\Users\\Larsd\\Documents\\School\\Jaar2\\Periode4\\IPMEDT4\\ipmedt4-groepa\\laravel-backend\\vendor\\symfony\\console\\Command\\Command.php(255): Illuminate\\Console\\Command->execute(Object(Symfony\\Component\\Console\\Input\\ArgvInput), Object(Illuminate\\Console\\OutputStyle))
#32 C:\\Users\\Larsd\\Documents\\School\\Jaar2\\Periode4\\IPMEDT4\\ipmedt4-groepa\\laravel-backend\\vendor\\laravel\\framework\\src\\Illuminate\\Console\\Command.php(170): Symfony\\Component\\Console\\Command\\Command->run(Object(Symfony\\Component\\Console\\Input\\ArgvInput), Object(Illuminate\\Console\\OutputStyle))
#33 C:\\Users\\Larsd\\Documents\\School\\Jaar2\\Periode4\\IPMEDT4\\ipmedt4-groepa\\laravel-backend\\vendor\\symfony\\console\\Application.php(921): Illuminate\\Console\\Command->run(Object(Symfony\\Component\\Console\\Input\\ArgvInput), Object(Symfony\\Component\\Console\\Output\\ConsoleOutput))
#34 C:\\Users\\Larsd\\Documents\\School\\Jaar2\\Periode4\\IPMEDT4\\ipmedt4-groepa\\laravel-backend\\vendor\\symfony\\console\\Application.php(273): Symfony\\Component\\Console\\Application->doRunCommand(Object(Illuminate\\Database\\Console\\Migrations\\RefreshCommand), Object(Symfony\\Component\\Console\\Input\\ArgvInput), Object(Symfony\\Component\\Console\\Output\\ConsoleOutput))
#35 C:\\Users\\Larsd\\Documents\\School\\Jaar2\\Periode4\\IPMEDT4\\ipmedt4-groepa\\laravel-backend\\vendor\\symfony\\console\\Application.php(149): Symfony\\Component\\Console\\Application->doRun(Object(Symfony\\Component\\Console\\Input\\ArgvInput), Object(Symfony\\Component\\Console\\Output\\ConsoleOutput))
#36 C:\\Users\\Larsd\\Documents\\School\\Jaar2\\Periode4\\IPMEDT4\\ipmedt4-groepa\\laravel-backend\\vendor\\laravel\\framework\\src\\Illuminate\\Console\\Application.php(90): Symfony\\Component\\Console\\Application->run(Object(Symfony\\Component\\Console\\Input\\ArgvInput), Object(Symfony\\Component\\Console\\Output\\ConsoleOutput))
#37 C:\\Users\\Larsd\\Documents\\School\\Jaar2\\Periode4\\IPMEDT4\\ipmedt4-groepa\\laravel-backend\\vendor\\laravel\\framework\\src\\Illuminate\\Foundation\\Console\\Kernel.php(133): Illuminate\\Console\\Application->run(Object(Symfony\\Component\\Console\\Input\\ArgvInput), Object(Symfony\\Component\\Console\\Output\\ConsoleOutput))
#38 C:\\Users\\Larsd\\Documents\\School\\Jaar2\\Periode4\\IPMEDT4\\ipmedt4-groepa\\laravel-backend\\artisan(37): Illuminate\\Foundation\\Console\\Kernel->handle(Object(Symfony\\Component\\Console\\Input\\ArgvInput), Object(Symfony\\Component\\Console\\Output\\ConsoleOutput))
#39 {main}
"} 
[2019-06-26 12:32:20] local.ERROR: There are no commands defined in the "db:" namespace.

Did you mean this?
    db {"exception":"[object] (Symfony\\Component\\Console\\Exception\\NamespaceNotFoundException(code: 0): There are no commands defined in the \"db:\" namespace.

Did you mean this?
    db at C:\\Users\\Larsd\\Documents\\School\\Jaar2\\Periode4\\IPMEDT4\\ipmedt4-groepa\\laravel-backend\\vendor\\symfony\\console\\Application.php:589)
[stacktrace]
#0 C:\\Users\\Larsd\\Documents\\School\\Jaar2\\Periode4\\IPMEDT4\\ipmedt4-groepa\\laravel-backend\\vendor\\symfony\\console\\Application.php(638): Symfony\\Component\\Console\\Application->findNamespace('db:')
#1 C:\\Users\\Larsd\\Documents\\School\\Jaar2\\Periode4\\IPMEDT4\\ipmedt4-groepa\\laravel-backend\\vendor\\symfony\\console\\Application.php(237): Symfony\\Component\\Console\\Application->find('db::rolback')
#2 C:\\Users\\Larsd\\Documents\\School\\Jaar2\\Periode4\\IPMEDT4\\ipmedt4-groepa\\laravel-backend\\vendor\\symfony\\console\\Application.php(149): Symfony\\Component\\Console\\Application->doRun(Object(Symfony\\Component\\Console\\Input\\ArgvInput), Object(Symfony\\Component\\Console\\Output\\ConsoleOutput))
#3 C:\\Users\\Larsd\\Documents\\School\\Jaar2\\Periode4\\IPMEDT4\\ipmedt4-groepa\\laravel-backend\\vendor\\laravel\\framework\\src\\Illuminate\\Console\\Application.php(90): Symfony\\Component\\Console\\Application->run(Object(Symfony\\Component\\Console\\Input\\ArgvInput), Object(Symfony\\Component\\Console\\Output\\ConsoleOutput))
#4 C:\\Users\\Larsd\\Documents\\School\\Jaar2\\Periode4\\IPMEDT4\\ipmedt4-groepa\\laravel-backend\\vendor\\laravel\\framework\\src\\Illuminate\\Foundation\\Console\\Kernel.php(133): Illuminate\\Console\\Application->run(Object(Symfony\\Component\\Console\\Input\\ArgvInput), Object(Symfony\\Component\\Console\\Output\\ConsoleOutput))
#5 C:\\Users\\Larsd\\Documents\\School\\Jaar2\\Periode4\\IPMEDT4\\ipmedt4-groepa\\laravel-backend\\artisan(37): Illuminate\\Foundation\\Console\\Kernel->handle(Object(Symfony\\Component\\Console\\Input\\ArgvInput), Object(Symfony\\Component\\Console\\Output\\ConsoleOutput))
#6 {main}
"} 
[2019-06-26 12:32:30] local.ERROR: Command "db:rolback" is not defined.

Did you mean one of these?
    db:seed
    migrate:rollback {"exception":"[object] (Symfony\\Component\\Console\\Exception\\CommandNotFoundException(code: 0): Command \"db:rolback\" is not defined.

Did you mean one of these?
    db:seed
    migrate:rollback at C:\\Users\\Larsd\\Documents\\School\\Jaar2\\Periode4\\IPMEDT4\\ipmedt4-groepa\\laravel-backend\\vendor\\symfony\\console\\Application.php:652)
[stacktrace]
#0 C:\\Users\\Larsd\\Documents\\School\\Jaar2\\Periode4\\IPMEDT4\\ipmedt4-groepa\\laravel-backend\\vendor\\symfony\\console\\Application.php(237): Symfony\\Component\\Console\\Application->find('db:rolback')
#1 C:\\Users\\Larsd\\Documents\\School\\Jaar2\\Periode4\\IPMEDT4\\ipmedt4-groepa\\laravel-backend\\vendor\\symfony\\console\\Application.php(149): Symfony\\Component\\Console\\Application->doRun(Object(Symfony\\Component\\Console\\Input\\ArgvInput), Object(Symfony\\Component\\Console\\Output\\ConsoleOutput))
#2 C:\\Users\\Larsd\\Documents\\School\\Jaar2\\Periode4\\IPMEDT4\\ipmedt4-groepa\\laravel-backend\\vendor\\laravel\\framework\\src\\Illuminate\\Console\\Application.php(90): Symfony\\Component\\Console\\Application->run(Object(Symfony\\Component\\Console\\Input\\ArgvInput), Object(Symfony\\Component\\Console\\Output\\ConsoleOutput))
#3 C:\\Users\\Larsd\\Documents\\School\\Jaar2\\Periode4\\IPMEDT4\\ipmedt4-groepa\\laravel-backend\\vendor\\laravel\\framework\\src\\Illuminate\\Foundation\\Console\\Kernel.php(133): Illuminate\\Console\\Application->run(Object(Symfony\\Component\\Console\\Input\\ArgvInput), Object(Symfony\\Component\\Console\\Output\\ConsoleOutput))
#4 C:\\Users\\Larsd\\Documents\\School\\Jaar2\\Periode4\\IPMEDT4\\ipmedt4-groepa\\laravel-backend\\artisan(37): Illuminate\\Foundation\\Console\\Kernel->handle(Object(Symfony\\Component\\Console\\Input\\ArgvInput), Object(Symfony\\Component\\Console\\Output\\ConsoleOutput))
#5 {main}
"} 
