[2019-06-27 10:11:30] local.ERROR: View [auth.login] not found. {"exception":"[object] (InvalidArgumentException(code: 0): View [auth.login] not found. at C:\\Users\\Larsd\\Documents\\School\\Jaar2\\Periode4\\IPMEDT4\\ipmedt4-groepa\\laravel-backend\\vendor\\laravel\\framework\\src\\Illuminate\\View\\FileViewFinder.php:137)
[stacktrace]
#0 C:\\Users\\Larsd\\Documents\\School\\Jaar2\\Periode4\\IPMEDT4\\ipmedt4-groepa\\laravel-backend\\vendor\\laravel\\framework\\src\\Illuminate\\View\\FileViewFinder.php(79): Illuminate\\View\\FileViewFinder->findInPaths('auth.login', Array)
#1 C:\\Users\\Larsd\\Documents\\School\\Jaar2\\Periode4\\IPMEDT4\\ipmedt4-groepa\\laravel-backend\\vendor\\laravel\\framework\\src\\Illuminate\\View\\Factory.php(131): Illuminate\\View\\FileViewFinder->find('auth.login')
#2 C:\\Users\\Larsd\\Documents\\School\\Jaar2\\Periode4\\IPMEDT4\\ipmedt4-groepa\\laravel-backend\\vendor\\laravel\\framework\\src\\Illuminate\\Foundation\\helpers.php(971): Illuminate\\View\\Factory->make('auth.login', Array, Array)
#3 C:\\Users\\Larsd\\Documents\\School\\Jaar2\\Periode4\\IPMEDT4\\ipmedt4-groepa\\laravel-backend\\vendor\\laravel\\framework\\src\\Illuminate\\Foundation\\Auth\\AuthenticatesUsers.php(20): view('auth.login')
#4 [internal function]: App\\Http\\Controllers\\Auth\\LoginController->showLoginForm()
#5 C:\\Users\\Larsd\\Documents\\School\\Jaar2\\Periode4\\IPMEDT4\\ipmedt4-groepa\\laravel-backend\\vendor\\laravel\\framework\\src\\Illuminate\\Routing\\Controller.php(54): call_user_func_array(Array, Array)
#6 C:\\Users\\Larsd\\Documents\\School\\Jaar2\\Periode4\\IPMEDT4\\ipmedt4-groepa\\laravel-backend\\vendor\\laravel\\framework\\src\\Illuminate\\Routing\\ControllerDispatcher.php(45): Illuminate\\Routing\\Controller->callAction('showLoginForm', Array)
#7 C:\\Users\\Larsd\\Documents\\School\\Jaar2\\Periode4\\IPMEDT4\\ipmedt4-groepa\\laravel-backend\\vendor\\laravel\\framework\\src\\Illuminate\\Routing\\Route.php(219): Illuminate\\Routing\\ControllerDispatcher->dispatch(Object(Illuminate\\Routing\\Route), Object(App\\Http\\Controllers\\Auth\\LoginController), 'showLoginForm')
#8 C:\\Users\\Larsd\\Documents\\School\\Jaar2\\Periode4\\IPMEDT4\\ipmedt4-groepa\\laravel-backend\\vendor\\laravel\\framework\\src\\Illuminate\\Routing\\Route.php(176): Illuminate\\Routing\\Route->runController()
#9 C:\\Users\\Larsd\\Documents\\School\\Jaar2\\Periode4\\IPMEDT4\\ipmedt4-groepa\\laravel-backend\\vendor\\laravel\\framework\\src\\Illuminate\\Routing\\Router.php(680): Illuminate\\Routing\\Route->run()
#10 C:\\Users\\Larsd\\Documents\\School\\Jaar2\\Periode4\\IPMEDT4\\ipmedt4-groepa\\laravel-backend\\vendor\\laravel\\framework\\src\\Illuminate\\Routing\\Pipeline.php(30): Illuminate\\Routing\\Router->Illuminate\\Routing\\{closure}(Object(Illuminate\\Http\\Request))
#11 C:\\Users\\Larsd\\Documents\\School\\Jaar2\\Periode4\\IPMEDT4\\ipmedt4-groepa\\laravel-backend\\app\\Http\\Middleware\\RedirectIfAuthenticated.php(24): Illuminate\\Routing\\Pipeline->Illuminate\\Routing\\{closure}(Object(Illuminate\\Http\\Request))
#12 C:\\Users\\Larsd\\Documents\\School\\Jaar2\\Periode4\\IPMEDT4\\ipmedt4-groepa\\laravel-backend\\vendor\\laravel\\framework\\src\\Illuminate\\Pipeline\\Pipeline.php(163): App\\Http\\Middleware\\RedirectIfAuthenticated->handle(Object(Illuminate\\Http\\Request), Object(Closure))
#13 C:\\Users\\Larsd\\Documents\\School\\Jaar2\\Periode4\\IPMEDT4\\ipmedt4-groepa\\laravel-backend\\vendor\\laravel\\framework\\src\\Illuminate\\Routing\\Pipeline.php(53): Illuminate\\Pipeline\\Pipeline->Illuminate\\Pipeline\\{closure}(Object(Illuminate\\Http\\Request))
#14 C:\\Users\\Larsd\\Documents\\School\\Jaar2\\Periode4\\IPMEDT4\\ipmedt4-groepa\\laravel-backend\\vendor\\laravel\\framework\\src\\Illuminate\\Routing\\Middleware\\SubstituteBindings.php(41): Illuminate\\Routing\\Pipeline->Illuminate\\Routing\\{closure}(Object(Illuminate\\Http\\Request))
#15 C:\\Users\\Larsd\\Documents\\School\\Jaar2\\Periode4\\IPMEDT4\\ipmedt4-groepa\\laravel-backend\\vendor\\laravel\\framework\\src\\Illuminate\\Pipeline\\Pipeline.php(163): Illuminate\\Routing\\Middleware\\SubstituteBindings->handle(Object(Illuminate\\Http\\Request), Object(Closure))
#16 C:\\Users\\Larsd\\Documents\\School\\Jaar2\\Periode4\\IPMEDT4\\ipmedt4-groepa\\laravel-backend\\vendor\\laravel\\framework\\src\\Illuminate\\Routing\\Pipeline.php(53): Illuminate\\Pipeline\\Pipeline->Illuminate\\Pipeline\\{closure}(Object(Illuminate\\Http\\Request))
#17 C:\\Users\\Larsd\\Documents\\School\\Jaar2\\Periode4\\IPMEDT4\\ipmedt4-groepa\\laravel-backend\\vendor\\laravel\\framework\\src\\Illuminate\\Foundation\\Http\\Middleware\\VerifyCsrfToken.php(75): Illuminate\\Routing\\Pipeline->Illuminate\\Routing\\{closure}(Object(Illuminate\\Http\\Request))
#18 C:\\Users\\Larsd\\Documents\\School\\Jaar2\\Periode4\\IPMEDT4\\ipmedt4-groepa\\laravel-backend\\vendor\\laravel\\framework\\src\\Illuminate\\Pipeline\\Pipeline.php(163): Illuminate\\Foundation\\Http\\Middleware\\VerifyCsrfToken->handle(Object(Illuminate\\Http\\Request), Object(Closure))
#19 C:\\Users\\Larsd\\Documents\\School\\Jaar2\\Periode4\\IPMEDT4\\ipmedt4-groepa\\laravel-backend\\vendor\\laravel\\framework\\src\\Illuminate\\Routing\\Pipeline.php(53): Illuminate\\Pipeline\\Pipeline->Illuminate\\Pipeline\\{closure}(Object(Illuminate\\Http\\Request))
#20 C:\\Users\\Larsd\\Documents\\School\\Jaar2\\Periode4\\IPMEDT4\\ipmedt4-groepa\\laravel-backend\\vendor\\laravel\\framework\\src\\Illuminate\\View\\Middleware\\ShareErrorsFromSession.php(49): Illuminate\\Routing\\Pipeline->Illuminate\\Routing\\{closure}(Object(Illuminate\\Http\\Request))
#21 C:\\Users\\Larsd\\Documents\\School\\Jaar2\\Periode4\\IPMEDT4\\ipmedt4-groepa\\laravel-backend\\vendor\\laravel\\framework\\src\\Illuminate\\Pipeline\\Pipeline.php(163): Illuminate\\View\\Middleware\\ShareErrorsFromSession->handle(Object(Illuminate\\Http\\Request), Object(Closure))
#22 C:\\Users\\Larsd\\Documents\\School\\Jaar2\\Periode4\\IPMEDT4\\ipmedt4-groepa\\laravel-backend\\vendor\\laravel\\framework\\src\\Illuminate\\Routing\\Pipeline.php(53): Illuminate\\Pipeline\\Pipeline->Illuminate\\Pipeline\\{closure}(Object(Illuminate\\Http\\Request))
#23 C:\\Users\\Larsd\\Documents\\School\\Jaar2\\Periode4\\IPMEDT4\\ipmedt4-groepa\\laravel-backend\\vendor\\laravel\\framework\\src\\Illuminate\\Session\\Middleware\\StartSession.php(56): Illuminate\\Routing\\Pipeline->Illuminate\\Routing\\{closure}(Object(Illuminate\\Http\\Request))
#24 C:\\Users\\Larsd\\Documents\\School\\Jaar2\\Periode4\\IPMEDT4\\ipmedt4-groepa\\laravel-backend\\vendor\\laravel\\framework\\src\\Illuminate\\Pipeline\\Pipeline.php(163): Illuminate\\Session\\Middleware\\StartSession->handle(Object(Illuminate\\Http\\Request), Object(Closure))
#25 C:\\Users\\Larsd\\Documents\\School\\Jaar2\\Periode4\\IPMEDT4\\ipmedt4-groepa\\laravel-backend\\vendor\\laravel\\framework\\src\\Illuminate\\Routing\\Pipeline.php(53): Illuminate\\Pipeline\\Pipeline->Illuminate\\Pipeline\\{closure}(Object(Illuminate\\Http\\Request))
#26 C:\\Users\\Larsd\\Documents\\School\\Jaar2\\Periode4\\IPMEDT4\\ipmedt4-groepa\\laravel-backend\\vendor\\laravel\\framework\\src\\Illuminate\\Cookie\\Middleware\\AddQueuedCookiesToResponse.php(37): Illuminate\\Routing\\Pipeline->Illuminate\\Routing\\{closure}(Object(Illuminate\\Http\\Request))
#27 C:\\Users\\Larsd\\Documents\\School\\Jaar2\\Periode4\\IPMEDT4\\ipmedt4-groepa\\laravel-backend\\vendor\\laravel\\framework\\src\\Illuminate\\Pipeline\\Pipeline.php(163): Illuminate\\Cookie\\Middleware\\AddQueuedCookiesToResponse->handle(Object(Illuminate\\Http\\Request), Object(Closure))
#28 C:\\Users\\Larsd\\Documents\\School\\Jaar2\\Periode4\\IPMEDT4\\ipmedt4-groepa\\laravel-backend\\vendor\\laravel\\framework\\src\\Illuminate\\Routing\\Pipeline.php(53): Illuminate\\Pipeline\\Pipeline->Illuminate\\Pipeline\\{closure}(Object(Illuminate\\Http\\Request))
#29 C:\\Users\\Larsd\\Documents\\School\\Jaar2\\Periode4\\IPMEDT4\\ipmedt4-groepa\\laravel-backend\\vendor\\laravel\\framework\\src\\Illuminate\\Cookie\\Middleware\\EncryptCookies.php(66): Illuminate\\Routing\\Pipeline->Illuminate\\Routing\\{closure}(Object(Illuminate\\Http\\Request))
#30 C:\\Users\\Larsd\\Documents\\School\\Jaar2\\Periode4\\IPMEDT4\\ipmedt4-groepa\\laravel-backend\\vendor\\laravel\\framework\\src\\Illuminate\\Pipeline\\Pipeline.php(163): Illuminate\\Cookie\\Middleware\\EncryptCookies->handle(Object(Illuminate\\Http\\Request), Object(Closure))
#31 C:\\Users\\Larsd\\Documents\\School\\Jaar2\\Periode4\\IPMEDT4\\ipmedt4-groepa\\laravel-backend\\vendor\\laravel\\framework\\src\\Illuminate\\Routing\\Pipeline.php(53): Illuminate\\Pipeline\\Pipeline->Illuminate\\Pipeline\\{closure}(Object(Illuminate\\Http\\Request))
#32 C:\\Users\\Larsd\\Documents\\School\\Jaar2\\Periode4\\IPMEDT4\\ipmedt4-groepa\\laravel-backend\\vendor\\laravel\\framework\\src\\Illuminate\\Pipeline\\Pipeline.php(104): Illuminate\\Routing\\Pipeline->Illuminate\\Routing\\{closure}(Object(Illuminate\\Http\\Request))
#33 C:\\Users\\Larsd\\Documents\\School\\Jaar2\\Periode4\\IPMEDT4\\ipmedt4-groepa\\laravel-backend\\vendor\\laravel\\framework\\src\\Illuminate\\Routing\\Router.php(682): Illuminate\\Pipeline\\Pipeline->then(Object(Closure))
#34 C:\\Users\\Larsd\\Documents\\School\\Jaar2\\Periode4\\IPMEDT4\\ipmedt4-groepa\\laravel-backend\\vendor\\laravel\\framework\\src\\Illuminate\\Routing\\Router.php(657): Illuminate\\Routing\\Router->runRouteWithinStack(Object(Illuminate\\Routing\\Route), Object(Illuminate\\Http\\Request))
#35 C:\\Users\\Larsd\\Documents\\School\\Jaar2\\Periode4\\IPMEDT4\\ipmedt4-groepa\\laravel-backend\\vendor\\laravel\\framework\\src\\Illuminate\\Routing\\Router.php(623): Illuminate\\Routing\\Router->runRoute(Object(Illuminate\\Http\\Request), Object(Illuminate\\Routing\\Route))
#36 C:\\Users\\Larsd\\Documents\\School\\Jaar2\\Periode4\\IPMEDT4\\ipmedt4-groepa\\laravel-backend\\vendor\\laravel\\framework\\src\\Illuminate\\Routing\\Router.php(612): Illuminate\\Routing\\Router->dispatchToRoute(Object(Illuminate\\Http\\Request))
#37 C:\\Users\\Larsd\\Documents\\School\\Jaar2\\Periode4\\IPMEDT4\\ipmedt4-groepa\\laravel-backend\\vendor\\laravel\\framework\\src\\Illuminate\\Foundation\\Http\\Kernel.php(176): Illuminate\\Routing\\Router->dispatch(Object(Illuminate\\Http\\Request))
#38 C:\\Users\\Larsd\\Documents\\School\\Jaar2\\Periode4\\IPMEDT4\\ipmedt4-groepa\\laravel-backend\\vendor\\laravel\\framework\\src\\Illuminate\\Routing\\Pipeline.php(30): Illuminate\\Foundation\\Http\\Kernel->Illuminate\\Foundation\\Http\\{closure}(Object(Illuminate\\Http\\Request))
#39 C:\\Users\\Larsd\\Documents\\School\\Jaar2\\Periode4\\IPMEDT4\\ipmedt4-groepa\\laravel-backend\\vendor\\fideloper\\proxy\\src\\TrustProxies.php(57): Illuminate\\Routing\\Pipeline->Illuminate\\Routing\\{closure}(Object(Illuminate\\Http\\Request))
#40 C:\\Users\\Larsd\\Documents\\School\\Jaar2\\Periode4\\IPMEDT4\\ipmedt4-groepa\\laravel-backend\\vendor\\laravel\\framework\\src\\Illuminate\\Pipeline\\Pipeline.php(163): Fideloper\\Proxy\\TrustProxies->handle(Object(Illuminate\\Http\\Request), Object(Closure))
#41 C:\\Users\\Larsd\\Documents\\School\\Jaar2\\Periode4\\IPMEDT4\\ipmedt4-groepa\\laravel-backend\\vendor\\laravel\\framework\\src\\Illuminate\\Routing\\Pipeline.php(53): Illuminate\\Pipeline\\Pipeline->Illuminate\\Pipeline\\{closure}(Object(Illuminate\\Http\\Request))
#42 C:\\Users\\Larsd\\Documents\\School\\Jaar2\\Periode4\\IPMEDT4\\ipmedt4-groepa\\laravel-backend\\vendor\\laravel\\framework\\src\\Illuminate\\Foundation\\Http\\Middleware\\TransformsRequest.php(21): Illuminate\\Routing\\Pipeline->Illuminate\\Routing\\{closure}(Object(Illuminate\\Http\\Request))
#43 C:\\Users\\Larsd\\Documents\\School\\Jaar2\\Periode4\\IPMEDT4\\ipmedt4-groepa\\laravel-backend\\vendor\\laravel\\framework\\src\\Illuminate\\Pipeline\\Pipeline.php(163): Illuminate\\Foundation\\Http\\Middleware\\TransformsRequest->handle(Object(Illuminate\\Http\\Request), Object(Closure))
#44 C:\\Users\\Larsd\\Documents\\School\\Jaar2\\Periode4\\IPMEDT4\\ipmedt4-groepa\\laravel-backend\\vendor\\laravel\\framework\\src\\Illuminate\\Routing\\Pipeline.php(53): Illuminate\\Pipeline\\Pipeline->Illuminate\\Pipeline\\{closure}(Object(Illuminate\\Http\\Request))
#45 C:\\Users\\Larsd\\Documents\\School\\Jaar2\\Periode4\\IPMEDT4\\ipmedt4-groepa\\laravel-backend\\vendor\\laravel\\framework\\src\\Illuminate\\Foundation\\Http\\Middleware\\TransformsRequest.php(21): Illuminate\\Routing\\Pipeline->Illuminate\\Routing\\{closure}(Object(Illuminate\\Http\\Request))
#46 C:\\Users\\Larsd\\Documents\\School\\Jaar2\\Periode4\\IPMEDT4\\ipmedt4-groepa\\laravel-backend\\vendor\\laravel\\framework\\src\\Illuminate\\Pipeline\\Pipeline.php(163): Illuminate\\Foundation\\Http\\Middleware\\TransformsRequest->handle(Object(Illuminate\\Http\\Request), Object(Closure))
#47 C:\\Users\\Larsd\\Documents\\School\\Jaar2\\Periode4\\IPMEDT4\\ipmedt4-groepa\\laravel-backend\\vendor\\laravel\\framework\\src\\Illuminate\\Routing\\Pipeline.php(53): Illuminate\\Pipeline\\Pipeline->Illuminate\\Pipeline\\{closure}(Object(Illuminate\\Http\\Request))
#48 C:\\Users\\Larsd\\Documents\\School\\Jaar2\\Periode4\\IPMEDT4\\ipmedt4-groepa\\laravel-backend\\vendor\\laravel\\framework\\src\\Illuminate\\Foundation\\Http\\Middleware\\ValidatePostSize.php(27): Illuminate\\Routing\\Pipeline->Illuminate\\Routing\\{closure}(Object(Illuminate\\Http\\Request))
#49 C:\\Users\\Larsd\\Documents\\School\\Jaar2\\Periode4\\IPMEDT4\\ipmedt4-groepa\\laravel-backend\\vendor\\laravel\\framework\\src\\Illuminate\\Pipeline\\Pipeline.php(163): Illuminate\\Foundation\\Http\\Middleware\\ValidatePostSize->handle(Object(Illuminate\\Http\\Request), Object(Closure))
#50 C:\\Users\\Larsd\\Documents\\School\\Jaar2\\Periode4\\IPMEDT4\\ipmedt4-groepa\\laravel-backend\\vendor\\laravel\\framework\\src\\Illuminate\\Routing\\Pipeline.php(53): Illuminate\\Pipeline\\Pipeline->Illuminate\\Pipeline\\{closure}(Object(Illuminate\\Http\\Request))
#51 C:\\Users\\Larsd\\Documents\\School\\Jaar2\\Periode4\\IPMEDT4\\ipmedt4-groepa\\laravel-backend\\vendor\\laravel\\framework\\src\\Illuminate\\Foundation\\Http\\Middleware\\CheckForMaintenanceMode.php(62): Illuminate\\Routing\\Pipeline->Illuminate\\Routing\\{closure}(Object(Illuminate\\Http\\Request))
#52 C:\\Users\\Larsd\\Documents\\School\\Jaar2\\Periode4\\IPMEDT4\\ipmedt4-groepa\\laravel-backend\\vendor\\laravel\\framework\\src\\Illuminate\\Pipeline\\Pipeline.php(163): Illuminate\\Foundation\\Http\\Middleware\\CheckForMaintenanceMode->handle(Object(Illuminate\\Http\\Request), Object(Closure))
#53 C:\\Users\\Larsd\\Documents\\School\\Jaar2\\Periode4\\IPMEDT4\\ipmedt4-groepa\\laravel-backend\\vendor\\laravel\\framework\\src\\Illuminate\\Routing\\Pipeline.php(53): Illuminate\\Pipeline\\Pipeline->Illuminate\\Pipeline\\{closure}(Object(Illuminate\\Http\\Request))
#54 C:\\Users\\Larsd\\Documents\\School\\Jaar2\\Periode4\\IPMEDT4\\ipmedt4-groepa\\laravel-backend\\vendor\\laravel\\framework\\src\\Illuminate\\Pipeline\\Pipeline.php(104): Illuminate\\Routing\\Pipeline->Illuminate\\Routing\\{closure}(Object(Illuminate\\Http\\Request))
#55 C:\\Users\\Larsd\\Documents\\School\\Jaar2\\Periode4\\IPMEDT4\\ipmedt4-groepa\\laravel-backend\\vendor\\laravel\\framework\\src\\Illuminate\\Foundation\\Http\\Kernel.php(151): Illuminate\\Pipeline\\Pipeline->then(Object(Closure))
#56 C:\\Users\\Larsd\\Documents\\School\\Jaar2\\Periode4\\IPMEDT4\\ipmedt4-groepa\\laravel-backend\\vendor\\laravel\\framework\\src\\Illuminate\\Foundation\\Http\\Kernel.php(116): Illuminate\\Foundation\\Http\\Kernel->sendRequestThroughRouter(Object(Illuminate\\Http\\Request))
#57 C:\\Users\\Larsd\\Documents\\School\\Jaar2\\Periode4\\IPMEDT4\\ipmedt4-groepa\\laravel-backend\\public\\index.php(55): Illuminate\\Foundation\\Http\\Kernel->handle(Object(Illuminate\\Http\\Request))
#58 C:\\Users\\Larsd\\Documents\\School\\Jaar2\\Periode4\\IPMEDT4\\ipmedt4-groepa\\laravel-backend\\server.php(21): require_once('C:\\\\Users\\\\Larsd\\\\...')
#59 {main}
"} 
[2019-06-27 21:48:59] local.ERROR: Argument 1 passed to App\Http\Controllers\Controller::validate() must be an instance of Illuminate\Http\Request, array given, called in C:\Users\Larsd\Documents\School\Jaar2\Periode4\IPMEDT4\ipmedt4-groepa\laravel-backend\app\Http\Controllers\UserController.php on line 70 {"exception":"[object] (Symfony\\Component\\Debug\\Exception\\FatalThrowableError(code: 0): Argument 1 passed to App\\Http\\Controllers\\Controller::validate() must be an instance of Illuminate\\Http\\Request, array given, called in C:\\Users\\Larsd\\Documents\\School\\Jaar2\\Periode4\\IPMEDT4\\ipmedt4-groepa\\laravel-backend\\app\\Http\\Controllers\\UserController.php on line 70 at C:\\Users\\Larsd\\Documents\\School\\Jaar2\\Periode4\\IPMEDT4\\ipmedt4-groepa\\laravel-backend\\vendor\\laravel\\framework\\src\\Illuminate\\Foundation\\Validation\\ValidatesRequests.php:42)
[stacktrace]
#0 C:\\Users\\Larsd\\Documents\\School\\Jaar2\\Periode4\\IPMEDT4\\ipmedt4-groepa\\laravel-backend\\app\\Http\\Controllers\\UserController.php(70): App\\Http\\Controllers\\Controller->validate(Array, Array)
#1 [internal function]: App\\Http\\Controllers\\UserController->login('groepaipmedt4@e...', 'nkm')
#2 C:\\Users\\Larsd\\Documents\\School\\Jaar2\\Periode4\\IPMEDT4\\ipmedt4-groepa\\laravel-backend\\vendor\\laravel\\framework\\src\\Illuminate\\Routing\\Controller.php(54): call_user_func_array(Array, Array)
#3 C:\\Users\\Larsd\\Documents\\School\\Jaar2\\Periode4\\IPMEDT4\\ipmedt4-groepa\\laravel-backend\\vendor\\laravel\\framework\\src\\Illuminate\\Routing\\ControllerDispatcher.php(45): Illuminate\\Routing\\Controller->callAction('login', Array)
#4 C:\\Users\\Larsd\\Documents\\School\\Jaar2\\Periode4\\IPMEDT4\\ipmedt4-groepa\\laravel-backend\\vendor\\laravel\\framework\\src\\Illuminate\\Routing\\Route.php(219): Illuminate\\Routing\\ControllerDispatcher->dispatch(Object(Illuminate\\Routing\\Route), Object(App\\Http\\Controllers\\UserController), 'login')
#5 C:\\Users\\Larsd\\Documents\\School\\Jaar2\\Periode4\\IPMEDT4\\ipmedt4-groepa\\laravel-backend\\vendor\\laravel\\framework\\src\\Illuminate\\Routing\\Route.php(176): Illuminate\\Routing\\Route->runController()
#6 C:\\Users\\Larsd\\Documents\\School\\Jaar2\\Periode4\\IPMEDT4\\ipmedt4-groepa\\laravel-backend\\vendor\\laravel\\framework\\src\\Illuminate\\Routing\\Router.php(680): Illuminate\\Routing\\Route->run()
#7 C:\\Users\\Larsd\\Documents\\School\\Jaar2\\Periode4\\IPMEDT4\\ipmedt4-groepa\\laravel-backend\\vendor\\laravel\\framework\\src\\Illuminate\\Routing\\Pipeline.php(30): Illuminate\\Routing\\Router->Illuminate\\Routing\\{closure}(Object(Illuminate\\Http\\Request))
#8 C:\\Users\\Larsd\\Documents\\School\\Jaar2\\Periode4\\IPMEDT4\\ipmedt4-groepa\\laravel-backend\\app\\Http\\Middleware\\Cors.php(18): Illuminate\\Routing\\Pipeline->Illuminate\\Routing\\{closure}(Object(Illuminate\\Http\\Request))
#9 C:\\Users\\Larsd\\Documents\\School\\Jaar2\\Periode4\\IPMEDT4\\ipmedt4-groepa\\laravel-backend\\vendor\\laravel\\framework\\src\\Illuminate\\Pipeline\\Pipeline.php(163): App\\Http\\Middleware\\Cors->handle(Object(Illuminate\\Http\\Request), Object(Closure))
#10 C:\\Users\\Larsd\\Documents\\School\\Jaar2\\Periode4\\IPMEDT4\\ipmedt4-groepa\\laravel-backend\\vendor\\laravel\\framework\\src\\Illuminate\\Routing\\Pipeline.php(53): Illuminate\\Pipeline\\Pipeline->Illuminate\\Pipeline\\{closure}(Object(Illuminate\\Http\\Request))
#11 C:\\Users\\Larsd\\Documents\\School\\Jaar2\\Periode4\\IPMEDT4\\ipmedt4-groepa\\laravel-backend\\vendor\\laravel\\framework\\src\\Illuminate\\Routing\\Middleware\\SubstituteBindings.php(41): Illuminate\\Routing\\Pipeline->Illuminate\\Routing\\{closure}(Object(Illuminate\\Http\\Request))
#12 C:\\Users\\Larsd\\Documents\\School\\Jaar2\\Periode4\\IPMEDT4\\ipmedt4-groepa\\laravel-backend\\vendor\\laravel\\framework\\src\\Illuminate\\Pipeline\\Pipeline.php(163): Illuminate\\Routing\\Middleware\\SubstituteBindings->handle(Object(Illuminate\\Http\\Request), Object(Closure))
#13 C:\\Users\\Larsd\\Documents\\School\\Jaar2\\Periode4\\IPMEDT4\\ipmedt4-groepa\\laravel-backend\\vendor\\laravel\\framework\\src\\Illuminate\\Routing\\Pipeline.php(53): Illuminate\\Pipeline\\Pipeline->Illuminate\\Pipeline\\{closure}(Object(Illuminate\\Http\\Request))
#14 C:\\Users\\Larsd\\Documents\\School\\Jaar2\\Periode4\\IPMEDT4\\ipmedt4-groepa\\laravel-backend\\vendor\\laravel\\framework\\src\\Illuminate\\Routing\\Middleware\\ThrottleRequests.php(58): Illuminate\\Routing\\Pipeline->Illuminate\\Routing\\{closure}(Object(Illuminate\\Http\\Request))
#15 C:\\Users\\Larsd\\Documents\\School\\Jaar2\\Periode4\\IPMEDT4\\ipmedt4-groepa\\laravel-backend\\vendor\\laravel\\framework\\src\\Illuminate\\Pipeline\\Pipeline.php(163): Illuminate\\Routing\\Middleware\\ThrottleRequests->handle(Object(Illuminate\\Http\\Request), Object(Closure), 60, '1')
#16 C:\\Users\\Larsd\\Documents\\School\\Jaar2\\Periode4\\IPMEDT4\\ipmedt4-groepa\\laravel-backend\\vendor\\laravel\\framework\\src\\Illuminate\\Routing\\Pipeline.php(53): Illuminate\\Pipeline\\Pipeline->Illuminate\\Pipeline\\{closure}(Object(Illuminate\\Http\\Request))
#17 C:\\Users\\Larsd\\Documents\\School\\Jaar2\\Periode4\\IPMEDT4\\ipmedt4-groepa\\laravel-backend\\vendor\\laravel\\framework\\src\\Illuminate\\Pipeline\\Pipeline.php(104): Illuminate\\Routing\\Pipeline->Illuminate\\Routing\\{closure}(Object(Illuminate\\Http\\Request))
#18 C:\\Users\\Larsd\\Documents\\School\\Jaar2\\Periode4\\IPMEDT4\\ipmedt4-groepa\\laravel-backend\\vendor\\laravel\\framework\\src\\Illuminate\\Routing\\Router.php(682): Illuminate\\Pipeline\\Pipeline->then(Object(Closure))
#19 C:\\Users\\Larsd\\Documents\\School\\Jaar2\\Periode4\\IPMEDT4\\ipmedt4-groepa\\laravel-backend\\vendor\\laravel\\framework\\src\\Illuminate\\Routing\\Router.php(657): Illuminate\\Routing\\Router->runRouteWithinStack(Object(Illuminate\\Routing\\Route), Object(Illuminate\\Http\\Request))
#20 C:\\Users\\Larsd\\Documents\\School\\Jaar2\\Periode4\\IPMEDT4\\ipmedt4-groepa\\laravel-backend\\vendor\\laravel\\framework\\src\\Illuminate\\Routing\\Router.php(623): Illuminate\\Routing\\Router->runRoute(Object(Illuminate\\Http\\Request), Object(Illuminate\\Routing\\Route))
#21 C:\\Users\\Larsd\\Documents\\School\\Jaar2\\Periode4\\IPMEDT4\\ipmedt4-groepa\\laravel-backend\\vendor\\laravel\\framework\\src\\Illuminate\\Routing\\Router.php(612): Illuminate\\Routing\\Router->dispatchToRoute(Object(Illuminate\\Http\\Request))
#22 C:\\Users\\Larsd\\Documents\\School\\Jaar2\\Periode4\\IPMEDT4\\ipmedt4-groepa\\laravel-backend\\vendor\\laravel\\framework\\src\\Illuminate\\Foundation\\Http\\Kernel.php(176): Illuminate\\Routing\\Router->dispatch(Object(Illuminate\\Http\\Request))
#23 C:\\Users\\Larsd\\Documents\\School\\Jaar2\\Periode4\\IPMEDT4\\ipmedt4-groepa\\laravel-backend\\vendor\\laravel\\framework\\src\\Illuminate\\Routing\\Pipeline.php(30): Illuminate\\Foundation\\Http\\Kernel->Illuminate\\Foundation\\Http\\{closure}(Object(Illuminate\\Http\\Request))
#24 C:\\Users\\Larsd\\Documents\\School\\Jaar2\\Periode4\\IPMEDT4\\ipmedt4-groepa\\laravel-backend\\vendor\\fideloper\\proxy\\src\\TrustProxies.php(57): Illuminate\\Routing\\Pipeline->Illuminate\\Routing\\{closure}(Object(Illuminate\\Http\\Request))
#25 C:\\Users\\Larsd\\Documents\\School\\Jaar2\\Periode4\\IPMEDT4\\ipmedt4-groepa\\laravel-backend\\vendor\\laravel\\framework\\src\\Illuminate\\Pipeline\\Pipeline.php(163): Fideloper\\Proxy\\TrustProxies->handle(Object(Illuminate\\Http\\Request), Object(Closure))
#26 C:\\Users\\Larsd\\Documents\\School\\Jaar2\\Periode4\\IPMEDT4\\ipmedt4-groepa\\laravel-backend\\vendor\\laravel\\framework\\src\\Illuminate\\Routing\\Pipeline.php(53): Illuminate\\Pipeline\\Pipeline->Illuminate\\Pipeline\\{closure}(Object(Illuminate\\Http\\Request))
#27 C:\\Users\\Larsd\\Documents\\School\\Jaar2\\Periode4\\IPMEDT4\\ipmedt4-groepa\\laravel-backend\\vendor\\laravel\\framework\\src\\Illuminate\\Foundation\\Http\\Middleware\\TransformsRequest.php(21): Illuminate\\Routing\\Pipeline->Illuminate\\Routing\\{closure}(Object(Illuminate\\Http\\Request))
#28 C:\\Users\\Larsd\\Documents\\School\\Jaar2\\Periode4\\IPMEDT4\\ipmedt4-groepa\\laravel-backend\\vendor\\laravel\\framework\\src\\Illuminate\\Pipeline\\Pipeline.php(163): Illuminate\\Foundation\\Http\\Middleware\\TransformsRequest->handle(Object(Illuminate\\Http\\Request), Object(Closure))
#29 C:\\Users\\Larsd\\Documents\\School\\Jaar2\\Periode4\\IPMEDT4\\ipmedt4-groepa\\laravel-backend\\vendor\\laravel\\framework\\src\\Illuminate\\Routing\\Pipeline.php(53): Illuminate\\Pipeline\\Pipeline->Illuminate\\Pipeline\\{closure}(Object(Illuminate\\Http\\Request))
#30 C:\\Users\\Larsd\\Documents\\School\\Jaar2\\Periode4\\IPMEDT4\\ipmedt4-groepa\\laravel-backend\\vendor\\laravel\\framework\\src\\Illuminate\\Foundation\\Http\\Middleware\\TransformsRequest.php(21): Illuminate\\Routing\\Pipeline->Illuminate\\Routing\\{closure}(Object(Illuminate\\Http\\Request))
#31 C:\\Users\\Larsd\\Documents\\School\\Jaar2\\Periode4\\IPMEDT4\\ipmedt4-groepa\\laravel-backend\\vendor\\laravel\\framework\\src\\Illuminate\\Pipeline\\Pipeline.php(163): Illuminate\\Foundation\\Http\\Middleware\\TransformsRequest->handle(Object(Illuminate\\Http\\Request), Object(Closure))
#32 C:\\Users\\Larsd\\Documents\\School\\Jaar2\\Periode4\\IPMEDT4\\ipmedt4-groepa\\laravel-backend\\vendor\\laravel\\framework\\src\\Illuminate\\Routing\\Pipeline.php(53): Illuminate\\Pipeline\\Pipeline->Illuminate\\Pipeline\\{closure}(Object(Illuminate\\Http\\Request))
#33 C:\\Users\\Larsd\\Documents\\School\\Jaar2\\Periode4\\IPMEDT4\\ipmedt4-groepa\\laravel-backend\\vendor\\laravel\\framework\\src\\Illuminate\\Foundation\\Http\\Middleware\\ValidatePostSize.php(27): Illuminate\\Routing\\Pipeline->Illuminate\\Routing\\{closure}(Object(Illuminate\\Http\\Request))
#34 C:\\Users\\Larsd\\Documents\\School\\Jaar2\\Periode4\\IPMEDT4\\ipmedt4-groepa\\laravel-backend\\vendor\\laravel\\framework\\src\\Illuminate\\Pipeline\\Pipeline.php(163): Illuminate\\Foundation\\Http\\Middleware\\ValidatePostSize->handle(Object(Illuminate\\Http\\Request), Object(Closure))
#35 C:\\Users\\Larsd\\Documents\\School\\Jaar2\\Periode4\\IPMEDT4\\ipmedt4-groepa\\laravel-backend\\vendor\\laravel\\framework\\src\\Illuminate\\Routing\\Pipeline.php(53): Illuminate\\Pipeline\\Pipeline->Illuminate\\Pipeline\\{closure}(Object(Illuminate\\Http\\Request))
#36 C:\\Users\\Larsd\\Documents\\School\\Jaar2\\Periode4\\IPMEDT4\\ipmedt4-groepa\\laravel-backend\\vendor\\laravel\\framework\\src\\Illuminate\\Foundation\\Http\\Middleware\\CheckForMaintenanceMode.php(62): Illuminate\\Routing\\Pipeline->Illuminate\\Routing\\{closure}(Object(Illuminate\\Http\\Request))
#37 C:\\Users\\Larsd\\Documents\\School\\Jaar2\\Periode4\\IPMEDT4\\ipmedt4-groepa\\laravel-backend\\vendor\\laravel\\framework\\src\\Illuminate\\Pipeline\\Pipeline.php(163): Illuminate\\Foundation\\Http\\Middleware\\CheckForMaintenanceMode->handle(Object(Illuminate\\Http\\Request), Object(Closure))
#38 C:\\Users\\Larsd\\Documents\\School\\Jaar2\\Periode4\\IPMEDT4\\ipmedt4-groepa\\laravel-backend\\vendor\\laravel\\framework\\src\\Illuminate\\Routing\\Pipeline.php(53): Illuminate\\Pipeline\\Pipeline->Illuminate\\Pipeline\\{closure}(Object(Illuminate\\Http\\Request))
#39 C:\\Users\\Larsd\\Documents\\School\\Jaar2\\Periode4\\IPMEDT4\\ipmedt4-groepa\\laravel-backend\\vendor\\laravel\\framework\\src\\Illuminate\\Pipeline\\Pipeline.php(104): Illuminate\\Routing\\Pipeline->Illuminate\\Routing\\{closure}(Object(Illuminate\\Http\\Request))
#40 C:\\Users\\Larsd\\Documents\\School\\Jaar2\\Periode4\\IPMEDT4\\ipmedt4-groepa\\laravel-backend\\vendor\\laravel\\framework\\src\\Illuminate\\Foundation\\Http\\Kernel.php(151): Illuminate\\Pipeline\\Pipeline->then(Object(Closure))
#41 C:\\Users\\Larsd\\Documents\\School\\Jaar2\\Periode4\\IPMEDT4\\ipmedt4-groepa\\laravel-backend\\vendor\\laravel\\framework\\src\\Illuminate\\Foundation\\Http\\Kernel.php(116): Illuminate\\Foundation\\Http\\Kernel->sendRequestThroughRouter(Object(Illuminate\\Http\\Request))
#42 C:\\Users\\Larsd\\Documents\\School\\Jaar2\\Periode4\\IPMEDT4\\ipmedt4-groepa\\laravel-backend\\public\\index.php(55): Illuminate\\Foundation\\Http\\Kernel->handle(Object(Illuminate\\Http\\Request))
#43 C:\\Users\\Larsd\\Documents\\School\\Jaar2\\Periode4\\IPMEDT4\\ipmedt4-groepa\\laravel-backend\\server.php(21): require_once('C:\\\\Users\\\\Larsd\\\\...')
#44 {main}
"} 
[2019-06-27 21:49:11] local.ERROR: Argument 1 passed to App\Http\Controllers\Controller::validate() must be an instance of Illuminate\Http\Request, array given, called in C:\Users\Larsd\Documents\School\Jaar2\Periode4\IPMEDT4\ipmedt4-groepa\laravel-backend\app\Http\Controllers\UserController.php on line 70 {"exception":"[object] (Symfony\\Component\\Debug\\Exception\\FatalThrowableError(code: 0): Argument 1 passed to App\\Http\\Controllers\\Controller::validate() must be an instance of Illuminate\\Http\\Request, array given, called in C:\\Users\\Larsd\\Documents\\School\\Jaar2\\Periode4\\IPMEDT4\\ipmedt4-groepa\\laravel-backend\\app\\Http\\Controllers\\UserController.php on line 70 at C:\\Users\\Larsd\\Documents\\School\\Jaar2\\Periode4\\IPMEDT4\\ipmedt4-groepa\\laravel-backend\\vendor\\laravel\\framework\\src\\Illuminate\\Foundation\\Validation\\ValidatesRequests.php:42)
[stacktrace]
#0 C:\\Users\\Larsd\\Documents\\School\\Jaar2\\Periode4\\IPMEDT4\\ipmedt4-groepa\\laravel-backend\\app\\Http\\Controllers\\UserController.php(70): App\\Http\\Controllers\\Controller->validate(Array, Array)
#1 [internal function]: App\\Http\\Controllers\\UserController->login('groepaipmedt4@e...', 'groepaipmedt4')
#2 C:\\Users\\Larsd\\Documents\\School\\Jaar2\\Periode4\\IPMEDT4\\ipmedt4-groepa\\laravel-backend\\vendor\\laravel\\framework\\src\\Illuminate\\Routing\\Controller.php(54): call_user_func_array(Array, Array)
#3 C:\\Users\\Larsd\\Documents\\School\\Jaar2\\Periode4\\IPMEDT4\\ipmedt4-groepa\\laravel-backend\\vendor\\laravel\\framework\\src\\Illuminate\\Routing\\ControllerDispatcher.php(45): Illuminate\\Routing\\Controller->callAction('login', Array)
#4 C:\\Users\\Larsd\\Documents\\School\\Jaar2\\Periode4\\IPMEDT4\\ipmedt4-groepa\\laravel-backend\\vendor\\laravel\\framework\\src\\Illuminate\\Routing\\Route.php(219): Illuminate\\Routing\\ControllerDispatcher->dispatch(Object(Illuminate\\Routing\\Route), Object(App\\Http\\Controllers\\UserController), 'login')
#5 C:\\Users\\Larsd\\Documents\\School\\Jaar2\\Periode4\\IPMEDT4\\ipmedt4-groepa\\laravel-backend\\vendor\\laravel\\framework\\src\\Illuminate\\Routing\\Route.php(176): Illuminate\\Routing\\Route->runController()
#6 C:\\Users\\Larsd\\Documents\\School\\Jaar2\\Periode4\\IPMEDT4\\ipmedt4-groepa\\laravel-backend\\vendor\\laravel\\framework\\src\\Illuminate\\Routing\\Router.php(680): Illuminate\\Routing\\Route->run()
#7 C:\\Users\\Larsd\\Documents\\School\\Jaar2\\Periode4\\IPMEDT4\\ipmedt4-groepa\\laravel-backend\\vendor\\laravel\\framework\\src\\Illuminate\\Routing\\Pipeline.php(30): Illuminate\\Routing\\Router->Illuminate\\Routing\\{closure}(Object(Illuminate\\Http\\Request))
#8 C:\\Users\\Larsd\\Documents\\School\\Jaar2\\Periode4\\IPMEDT4\\ipmedt4-groepa\\laravel-backend\\app\\Http\\Middleware\\Cors.php(18): Illuminate\\Routing\\Pipeline->Illuminate\\Routing\\{closure}(Object(Illuminate\\Http\\Request))
#9 C:\\Users\\Larsd\\Documents\\School\\Jaar2\\Periode4\\IPMEDT4\\ipmedt4-groepa\\laravel-backend\\vendor\\laravel\\framework\\src\\Illuminate\\Pipeline\\Pipeline.php(163): App\\Http\\Middleware\\Cors->handle(Object(Illuminate\\Http\\Request), Object(Closure))
#10 C:\\Users\\Larsd\\Documents\\School\\Jaar2\\Periode4\\IPMEDT4\\ipmedt4-groepa\\laravel-backend\\vendor\\laravel\\framework\\src\\Illuminate\\Routing\\Pipeline.php(53): Illuminate\\Pipeline\\Pipeline->Illuminate\\Pipeline\\{closure}(Object(Illuminate\\Http\\Request))
#11 C:\\Users\\Larsd\\Documents\\School\\Jaar2\\Periode4\\IPMEDT4\\ipmedt4-groepa\\laravel-backend\\vendor\\laravel\\framework\\src\\Illuminate\\Routing\\Middleware\\SubstituteBindings.php(41): Illuminate\\Routing\\Pipeline->Illuminate\\Routing\\{closure}(Object(Illuminate\\Http\\Request))
#12 C:\\Users\\Larsd\\Documents\\School\\Jaar2\\Periode4\\IPMEDT4\\ipmedt4-groepa\\laravel-backend\\vendor\\laravel\\framework\\src\\Illuminate\\Pipeline\\Pipeline.php(163): Illuminate\\Routing\\Middleware\\SubstituteBindings->handle(Object(Illuminate\\Http\\Request), Object(Closure))
#13 C:\\Users\\Larsd\\Documents\\School\\Jaar2\\Periode4\\IPMEDT4\\ipmedt4-groepa\\laravel-backend\\vendor\\laravel\\framework\\src\\Illuminate\\Routing\\Pipeline.php(53): Illuminate\\Pipeline\\Pipeline->Illuminate\\Pipeline\\{closure}(Object(Illuminate\\Http\\Request))
#14 C:\\Users\\Larsd\\Documents\\School\\Jaar2\\Periode4\\IPMEDT4\\ipmedt4-groepa\\laravel-backend\\vendor\\laravel\\framework\\src\\Illuminate\\Routing\\Middleware\\ThrottleRequests.php(58): Illuminate\\Routing\\Pipeline->Illuminate\\Routing\\{closure}(Object(Illuminate\\Http\\Request))
#15 C:\\Users\\Larsd\\Documents\\School\\Jaar2\\Periode4\\IPMEDT4\\ipmedt4-groepa\\laravel-backend\\vendor\\laravel\\framework\\src\\Illuminate\\Pipeline\\Pipeline.php(163): Illuminate\\Routing\\Middleware\\ThrottleRequests->handle(Object(Illuminate\\Http\\Request), Object(Closure), 60, '1')
#16 C:\\Users\\Larsd\\Documents\\School\\Jaar2\\Periode4\\IPMEDT4\\ipmedt4-groepa\\laravel-backend\\vendor\\laravel\\framework\\src\\Illuminate\\Routing\\Pipeline.php(53): Illuminate\\Pipeline\\Pipeline->Illuminate\\Pipeline\\{closure}(Object(Illuminate\\Http\\Request))
#17 C:\\Users\\Larsd\\Documents\\School\\Jaar2\\Periode4\\IPMEDT4\\ipmedt4-groepa\\laravel-backend\\vendor\\laravel\\framework\\src\\Illuminate\\Pipeline\\Pipeline.php(104): Illuminate\\Routing\\Pipeline->Illuminate\\Routing\\{closure}(Object(Illuminate\\Http\\Request))
#18 C:\\Users\\Larsd\\Documents\\School\\Jaar2\\Periode4\\IPMEDT4\\ipmedt4-groepa\\laravel-backend\\vendor\\laravel\\framework\\src\\Illuminate\\Routing\\Router.php(682): Illuminate\\Pipeline\\Pipeline->then(Object(Closure))
#19 C:\\Users\\Larsd\\Documents\\School\\Jaar2\\Periode4\\IPMEDT4\\ipmedt4-groepa\\laravel-backend\\vendor\\laravel\\framework\\src\\Illuminate\\Routing\\Router.php(657): Illuminate\\Routing\\Router->runRouteWithinStack(Object(Illuminate\\Routing\\Route), Object(Illuminate\\Http\\Request))
#20 C:\\Users\\Larsd\\Documents\\School\\Jaar2\\Periode4\\IPMEDT4\\ipmedt4-groepa\\laravel-backend\\vendor\\laravel\\framework\\src\\Illuminate\\Routing\\Router.php(623): Illuminate\\Routing\\Router->runRoute(Object(Illuminate\\Http\\Request), Object(Illuminate\\Routing\\Route))
#21 C:\\Users\\Larsd\\Documents\\School\\Jaar2\\Periode4\\IPMEDT4\\ipmedt4-groepa\\laravel-backend\\vendor\\laravel\\framework\\src\\Illuminate\\Routing\\Router.php(612): Illuminate\\Routing\\Router->dispatchToRoute(Object(Illuminate\\Http\\Request))
#22 C:\\Users\\Larsd\\Documents\\School\\Jaar2\\Periode4\\IPMEDT4\\ipmedt4-groepa\\laravel-backend\\vendor\\laravel\\framework\\src\\Illuminate\\Foundation\\Http\\Kernel.php(176): Illuminate\\Routing\\Router->dispatch(Object(Illuminate\\Http\\Request))
#23 C:\\Users\\Larsd\\Documents\\School\\Jaar2\\Periode4\\IPMEDT4\\ipmedt4-groepa\\laravel-backend\\vendor\\laravel\\framework\\src\\Illuminate\\Routing\\Pipeline.php(30): Illuminate\\Foundation\\Http\\Kernel->Illuminate\\Foundation\\Http\\{closure}(Object(Illuminate\\Http\\Request))
#24 C:\\Users\\Larsd\\Documents\\School\\Jaar2\\Periode4\\IPMEDT4\\ipmedt4-groepa\\laravel-backend\\vendor\\fideloper\\proxy\\src\\TrustProxies.php(57): Illuminate\\Routing\\Pipeline->Illuminate\\Routing\\{closure}(Object(Illuminate\\Http\\Request))
#25 C:\\Users\\Larsd\\Documents\\School\\Jaar2\\Periode4\\IPMEDT4\\ipmedt4-groepa\\laravel-backend\\vendor\\laravel\\framework\\src\\Illuminate\\Pipeline\\Pipeline.php(163): Fideloper\\Proxy\\TrustProxies->handle(Object(Illuminate\\Http\\Request), Object(Closure))
#26 C:\\Users\\Larsd\\Documents\\School\\Jaar2\\Periode4\\IPMEDT4\\ipmedt4-groepa\\laravel-backend\\vendor\\laravel\\framework\\src\\Illuminate\\Routing\\Pipeline.php(53): Illuminate\\Pipeline\\Pipeline->Illuminate\\Pipeline\\{closure}(Object(Illuminate\\Http\\Request))
#27 C:\\Users\\Larsd\\Documents\\School\\Jaar2\\Periode4\\IPMEDT4\\ipmedt4-groepa\\laravel-backend\\vendor\\laravel\\framework\\src\\Illuminate\\Foundation\\Http\\Middleware\\TransformsRequest.php(21): Illuminate\\Routing\\Pipeline->Illuminate\\Routing\\{closure}(Object(Illuminate\\Http\\Request))
#28 C:\\Users\\Larsd\\Documents\\School\\Jaar2\\Periode4\\IPMEDT4\\ipmedt4-groepa\\laravel-backend\\vendor\\laravel\\framework\\src\\Illuminate\\Pipeline\\Pipeline.php(163): Illuminate\\Foundation\\Http\\Middleware\\TransformsRequest->handle(Object(Illuminate\\Http\\Request), Object(Closure))
#29 C:\\Users\\Larsd\\Documents\\School\\Jaar2\\Periode4\\IPMEDT4\\ipmedt4-groepa\\laravel-backend\\vendor\\laravel\\framework\\src\\Illuminate\\Routing\\Pipeline.php(53): Illuminate\\Pipeline\\Pipeline->Illuminate\\Pipeline\\{closure}(Object(Illuminate\\Http\\Request))
#30 C:\\Users\\Larsd\\Documents\\School\\Jaar2\\Periode4\\IPMEDT4\\ipmedt4-groepa\\laravel-backend\\vendor\\laravel\\framework\\src\\Illuminate\\Foundation\\Http\\Middleware\\TransformsRequest.php(21): Illuminate\\Routing\\Pipeline->Illuminate\\Routing\\{closure}(Object(Illuminate\\Http\\Request))
#31 C:\\Users\\Larsd\\Documents\\School\\Jaar2\\Periode4\\IPMEDT4\\ipmedt4-groepa\\laravel-backend\\vendor\\laravel\\framework\\src\\Illuminate\\Pipeline\\Pipeline.php(163): Illuminate\\Foundation\\Http\\Middleware\\TransformsRequest->handle(Object(Illuminate\\Http\\Request), Object(Closure))
#32 C:\\Users\\Larsd\\Documents\\School\\Jaar2\\Periode4\\IPMEDT4\\ipmedt4-groepa\\laravel-backend\\vendor\\laravel\\framework\\src\\Illuminate\\Routing\\Pipeline.php(53): Illuminate\\Pipeline\\Pipeline->Illuminate\\Pipeline\\{closure}(Object(Illuminate\\Http\\Request))
#33 C:\\Users\\Larsd\\Documents\\School\\Jaar2\\Periode4\\IPMEDT4\\ipmedt4-groepa\\laravel-backend\\vendor\\laravel\\framework\\src\\Illuminate\\Foundation\\Http\\Middleware\\ValidatePostSize.php(27): Illuminate\\Routing\\Pipeline->Illuminate\\Routing\\{closure}(Object(Illuminate\\Http\\Request))
#34 C:\\Users\\Larsd\\Documents\\School\\Jaar2\\Periode4\\IPMEDT4\\ipmedt4-groepa\\laravel-backend\\vendor\\laravel\\framework\\src\\Illuminate\\Pipeline\\Pipeline.php(163): Illuminate\\Foundation\\Http\\Middleware\\ValidatePostSize->handle(Object(Illuminate\\Http\\Request), Object(Closure))
#35 C:\\Users\\Larsd\\Documents\\School\\Jaar2\\Periode4\\IPMEDT4\\ipmedt4-groepa\\laravel-backend\\vendor\\laravel\\framework\\src\\Illuminate\\Routing\\Pipeline.php(53): Illuminate\\Pipeline\\Pipeline->Illuminate\\Pipeline\\{closure}(Object(Illuminate\\Http\\Request))
#36 C:\\Users\\Larsd\\Documents\\School\\Jaar2\\Periode4\\IPMEDT4\\ipmedt4-groepa\\laravel-backend\\vendor\\laravel\\framework\\src\\Illuminate\\Foundation\\Http\\Middleware\\CheckForMaintenanceMode.php(62): Illuminate\\Routing\\Pipeline->Illuminate\\Routing\\{closure}(Object(Illuminate\\Http\\Request))
#37 C:\\Users\\Larsd\\Documents\\School\\Jaar2\\Periode4\\IPMEDT4\\ipmedt4-groepa\\laravel-backend\\vendor\\laravel\\framework\\src\\Illuminate\\Pipeline\\Pipeline.php(163): Illuminate\\Foundation\\Http\\Middleware\\CheckForMaintenanceMode->handle(Object(Illuminate\\Http\\Request), Object(Closure))
#38 C:\\Users\\Larsd\\Documents\\School\\Jaar2\\Periode4\\IPMEDT4\\ipmedt4-groepa\\laravel-backend\\vendor\\laravel\\framework\\src\\Illuminate\\Routing\\Pipeline.php(53): Illuminate\\Pipeline\\Pipeline->Illuminate\\Pipeline\\{closure}(Object(Illuminate\\Http\\Request))
#39 C:\\Users\\Larsd\\Documents\\School\\Jaar2\\Periode4\\IPMEDT4\\ipmedt4-groepa\\laravel-backend\\vendor\\laravel\\framework\\src\\Illuminate\\Pipeline\\Pipeline.php(104): Illuminate\\Routing\\Pipeline->Illuminate\\Routing\\{closure}(Object(Illuminate\\Http\\Request))
#40 C:\\Users\\Larsd\\Documents\\School\\Jaar2\\Periode4\\IPMEDT4\\ipmedt4-groepa\\laravel-backend\\vendor\\laravel\\framework\\src\\Illuminate\\Foundation\\Http\\Kernel.php(151): Illuminate\\Pipeline\\Pipeline->then(Object(Closure))
#41 C:\\Users\\Larsd\\Documents\\School\\Jaar2\\Periode4\\IPMEDT4\\ipmedt4-groepa\\laravel-backend\\vendor\\laravel\\framework\\src\\Illuminate\\Foundation\\Http\\Kernel.php(116): Illuminate\\Foundation\\Http\\Kernel->sendRequestThroughRouter(Object(Illuminate\\Http\\Request))
#42 C:\\Users\\Larsd\\Documents\\School\\Jaar2\\Periode4\\IPMEDT4\\ipmedt4-groepa\\laravel-backend\\public\\index.php(55): Illuminate\\Foundation\\Http\\Kernel->handle(Object(Illuminate\\Http\\Request))
#43 C:\\Users\\Larsd\\Documents\\School\\Jaar2\\Periode4\\IPMEDT4\\ipmedt4-groepa\\laravel-backend\\server.php(21): require_once('C:\\\\Users\\\\Larsd\\\\...')
#44 {main}
"} 
[2019-06-27 21:50:13] local.ERROR: Argument 1 passed to App\Http\Controllers\Controller::validate() must be an instance of Illuminate\Http\Request, array given, called in C:\Users\Larsd\Documents\School\Jaar2\Periode4\IPMEDT4\ipmedt4-groepa\laravel-backend\app\Http\Controllers\UserController.php on line 70 {"exception":"[object] (Symfony\\Component\\Debug\\Exception\\FatalThrowableError(code: 0): Argument 1 passed to App\\Http\\Controllers\\Controller::validate() must be an instance of Illuminate\\Http\\Request, array given, called in C:\\Users\\Larsd\\Documents\\School\\Jaar2\\Periode4\\IPMEDT4\\ipmedt4-groepa\\laravel-backend\\app\\Http\\Controllers\\UserController.php on line 70 at C:\\Users\\Larsd\\Documents\\School\\Jaar2\\Periode4\\IPMEDT4\\ipmedt4-groepa\\laravel-backend\\vendor\\laravel\\framework\\src\\Illuminate\\Foundation\\Validation\\ValidatesRequests.php:42)
[stacktrace]
#0 C:\\Users\\Larsd\\Documents\\School\\Jaar2\\Periode4\\IPMEDT4\\ipmedt4-groepa\\laravel-backend\\app\\Http\\Controllers\\UserController.php(70): App\\Http\\Controllers\\Controller->validate(Array, Array)
#1 [internal function]: App\\Http\\Controllers\\UserController->login('groepaipmedt4@e...', 'groepaipmedt4')
#2 C:\\Users\\Larsd\\Documents\\School\\Jaar2\\Periode4\\IPMEDT4\\ipmedt4-groepa\\laravel-backend\\vendor\\laravel\\framework\\src\\Illuminate\\Routing\\Controller.php(54): call_user_func_array(Array, Array)
#3 C:\\Users\\Larsd\\Documents\\School\\Jaar2\\Periode4\\IPMEDT4\\ipmedt4-groepa\\laravel-backend\\vendor\\laravel\\framework\\src\\Illuminate\\Routing\\ControllerDispatcher.php(45): Illuminate\\Routing\\Controller->callAction('login', Array)
#4 C:\\Users\\Larsd\\Documents\\School\\Jaar2\\Periode4\\IPMEDT4\\ipmedt4-groepa\\laravel-backend\\vendor\\laravel\\framework\\src\\Illuminate\\Routing\\Route.php(219): Illuminate\\Routing\\ControllerDispatcher->dispatch(Object(Illuminate\\Routing\\Route), Object(App\\Http\\Controllers\\UserController), 'login')
#5 C:\\Users\\Larsd\\Documents\\School\\Jaar2\\Periode4\\IPMEDT4\\ipmedt4-groepa\\laravel-backend\\vendor\\laravel\\framework\\src\\Illuminate\\Routing\\Route.php(176): Illuminate\\Routing\\Route->runController()
#6 C:\\Users\\Larsd\\Documents\\School\\Jaar2\\Periode4\\IPMEDT4\\ipmedt4-groepa\\laravel-backend\\vendor\\laravel\\framework\\src\\Illuminate\\Routing\\Router.php(680): Illuminate\\Routing\\Route->run()
#7 C:\\Users\\Larsd\\Documents\\School\\Jaar2\\Periode4\\IPMEDT4\\ipmedt4-groepa\\laravel-backend\\vendor\\laravel\\framework\\src\\Illuminate\\Routing\\Pipeline.php(30): Illuminate\\Routing\\Router->Illuminate\\Routing\\{closure}(Object(Illuminate\\Http\\Request))
#8 C:\\Users\\Larsd\\Documents\\School\\Jaar2\\Periode4\\IPMEDT4\\ipmedt4-groepa\\laravel-backend\\app\\Http\\Middleware\\Cors.php(18): Illuminate\\Routing\\Pipeline->Illuminate\\Routing\\{closure}(Object(Illuminate\\Http\\Request))
#9 C:\\Users\\Larsd\\Documents\\School\\Jaar2\\Periode4\\IPMEDT4\\ipmedt4-groepa\\laravel-backend\\vendor\\laravel\\framework\\src\\Illuminate\\Pipeline\\Pipeline.php(163): App\\Http\\Middleware\\Cors->handle(Object(Illuminate\\Http\\Request), Object(Closure))
#10 C:\\Users\\Larsd\\Documents\\School\\Jaar2\\Periode4\\IPMEDT4\\ipmedt4-groepa\\laravel-backend\\vendor\\laravel\\framework\\src\\Illuminate\\Routing\\Pipeline.php(53): Illuminate\\Pipeline\\Pipeline->Illuminate\\Pipeline\\{closure}(Object(Illuminate\\Http\\Request))
#11 C:\\Users\\Larsd\\Documents\\School\\Jaar2\\Periode4\\IPMEDT4\\ipmedt4-groepa\\laravel-backend\\vendor\\laravel\\framework\\src\\Illuminate\\Routing\\Middleware\\SubstituteBindings.php(41): Illuminate\\Routing\\Pipeline->Illuminate\\Routing\\{closure}(Object(Illuminate\\Http\\Request))
#12 C:\\Users\\Larsd\\Documents\\School\\Jaar2\\Periode4\\IPMEDT4\\ipmedt4-groepa\\laravel-backend\\vendor\\laravel\\framework\\src\\Illuminate\\Pipeline\\Pipeline.php(163): Illuminate\\Routing\\Middleware\\SubstituteBindings->handle(Object(Illuminate\\Http\\Request), Object(Closure))
#13 C:\\Users\\Larsd\\Documents\\School\\Jaar2\\Periode4\\IPMEDT4\\ipmedt4-groepa\\laravel-backend\\vendor\\laravel\\framework\\src\\Illuminate\\Routing\\Pipeline.php(53): Illuminate\\Pipeline\\Pipeline->Illuminate\\Pipeline\\{closure}(Object(Illuminate\\Http\\Request))
#14 C:\\Users\\Larsd\\Documents\\School\\Jaar2\\Periode4\\IPMEDT4\\ipmedt4-groepa\\laravel-backend\\vendor\\laravel\\framework\\src\\Illuminate\\Routing\\Middleware\\ThrottleRequests.php(58): Illuminate\\Routing\\Pipeline->Illuminate\\Routing\\{closure}(Object(Illuminate\\Http\\Request))
#15 C:\\Users\\Larsd\\Documents\\School\\Jaar2\\Periode4\\IPMEDT4\\ipmedt4-groepa\\laravel-backend\\vendor\\laravel\\framework\\src\\Illuminate\\Pipeline\\Pipeline.php(163): Illuminate\\Routing\\Middleware\\ThrottleRequests->handle(Object(Illuminate\\Http\\Request), Object(Closure), 60, '1')
#16 C:\\Users\\Larsd\\Documents\\School\\Jaar2\\Periode4\\IPMEDT4\\ipmedt4-groepa\\laravel-backend\\vendor\\laravel\\framework\\src\\Illuminate\\Routing\\Pipeline.php(53): Illuminate\\Pipeline\\Pipeline->Illuminate\\Pipeline\\{closure}(Object(Illuminate\\Http\\Request))
#17 C:\\Users\\Larsd\\Documents\\School\\Jaar2\\Periode4\\IPMEDT4\\ipmedt4-groepa\\laravel-backend\\vendor\\laravel\\framework\\src\\Illuminate\\Pipeline\\Pipeline.php(104): Illuminate\\Routing\\Pipeline->Illuminate\\Routing\\{closure}(Object(Illuminate\\Http\\Request))
#18 C:\\Users\\Larsd\\Documents\\School\\Jaar2\\Periode4\\IPMEDT4\\ipmedt4-groepa\\laravel-backend\\vendor\\laravel\\framework\\src\\Illuminate\\Routing\\Router.php(682): Illuminate\\Pipeline\\Pipeline->then(Object(Closure))
#19 C:\\Users\\Larsd\\Documents\\School\\Jaar2\\Periode4\\IPMEDT4\\ipmedt4-groepa\\laravel-backend\\vendor\\laravel\\framework\\src\\Illuminate\\Routing\\Router.php(657): Illuminate\\Routing\\Router->runRouteWithinStack(Object(Illuminate\\Routing\\Route), Object(Illuminate\\Http\\Request))
#20 C:\\Users\\Larsd\\Documents\\School\\Jaar2\\Periode4\\IPMEDT4\\ipmedt4-groepa\\laravel-backend\\vendor\\laravel\\framework\\src\\Illuminate\\Routing\\Router.php(623): Illuminate\\Routing\\Router->runRoute(Object(Illuminate\\Http\\Request), Object(Illuminate\\Routing\\Route))
#21 C:\\Users\\Larsd\\Documents\\School\\Jaar2\\Periode4\\IPMEDT4\\ipmedt4-groepa\\laravel-backend\\vendor\\laravel\\framework\\src\\Illuminate\\Routing\\Router.php(612): Illuminate\\Routing\\Router->dispatchToRoute(Object(Illuminate\\Http\\Request))
#22 C:\\Users\\Larsd\\Documents\\School\\Jaar2\\Periode4\\IPMEDT4\\ipmedt4-groepa\\laravel-backend\\vendor\\laravel\\framework\\src\\Illuminate\\Foundation\\Http\\Kernel.php(176): Illuminate\\Routing\\Router->dispatch(Object(Illuminate\\Http\\Request))
#23 C:\\Users\\Larsd\\Documents\\School\\Jaar2\\Periode4\\IPMEDT4\\ipmedt4-groepa\\laravel-backend\\vendor\\laravel\\framework\\src\\Illuminate\\Routing\\Pipeline.php(30): Illuminate\\Foundation\\Http\\Kernel->Illuminate\\Foundation\\Http\\{closure}(Object(Illuminate\\Http\\Request))
#24 C:\\Users\\Larsd\\Documents\\School\\Jaar2\\Periode4\\IPMEDT4\\ipmedt4-groepa\\laravel-backend\\vendor\\fideloper\\proxy\\src\\TrustProxies.php(57): Illuminate\\Routing\\Pipeline->Illuminate\\Routing\\{closure}(Object(Illuminate\\Http\\Request))
#25 C:\\Users\\Larsd\\Documents\\School\\Jaar2\\Periode4\\IPMEDT4\\ipmedt4-groepa\\laravel-backend\\vendor\\laravel\\framework\\src\\Illuminate\\Pipeline\\Pipeline.php(163): Fideloper\\Proxy\\TrustProxies->handle(Object(Illuminate\\Http\\Request), Object(Closure))
#26 C:\\Users\\Larsd\\Documents\\School\\Jaar2\\Periode4\\IPMEDT4\\ipmedt4-groepa\\laravel-backend\\vendor\\laravel\\framework\\src\\Illuminate\\Routing\\Pipeline.php(53): Illuminate\\Pipeline\\Pipeline->Illuminate\\Pipeline\\{closure}(Object(Illuminate\\Http\\Request))
#27 C:\\Users\\Larsd\\Documents\\School\\Jaar2\\Periode4\\IPMEDT4\\ipmedt4-groepa\\laravel-backend\\vendor\\laravel\\framework\\src\\Illuminate\\Foundation\\Http\\Middleware\\TransformsRequest.php(21): Illuminate\\Routing\\Pipeline->Illuminate\\Routing\\{closure}(Object(Illuminate\\Http\\Request))
#28 C:\\Users\\Larsd\\Documents\\School\\Jaar2\\Periode4\\IPMEDT4\\ipmedt4-groepa\\laravel-backend\\vendor\\laravel\\framework\\src\\Illuminate\\Pipeline\\Pipeline.php(163): Illuminate\\Foundation\\Http\\Middleware\\TransformsRequest->handle(Object(Illuminate\\Http\\Request), Object(Closure))
#29 C:\\Users\\Larsd\\Documents\\School\\Jaar2\\Periode4\\IPMEDT4\\ipmedt4-groepa\\laravel-backend\\vendor\\laravel\\framework\\src\\Illuminate\\Routing\\Pipeline.php(53): Illuminate\\Pipeline\\Pipeline->Illuminate\\Pipeline\\{closure}(Object(Illuminate\\Http\\Request))
#30 C:\\Users\\Larsd\\Documents\\School\\Jaar2\\Periode4\\IPMEDT4\\ipmedt4-groepa\\laravel-backend\\vendor\\laravel\\framework\\src\\Illuminate\\Foundation\\Http\\Middleware\\TransformsRequest.php(21): Illuminate\\Routing\\Pipeline->Illuminate\\Routing\\{closure}(Object(Illuminate\\Http\\Request))
#31 C:\\Users\\Larsd\\Documents\\School\\Jaar2\\Periode4\\IPMEDT4\\ipmedt4-groepa\\laravel-backend\\vendor\\laravel\\framework\\src\\Illuminate\\Pipeline\\Pipeline.php(163): Illuminate\\Foundation\\Http\\Middleware\\TransformsRequest->handle(Object(Illuminate\\Http\\Request), Object(Closure))
#32 C:\\Users\\Larsd\\Documents\\School\\Jaar2\\Periode4\\IPMEDT4\\ipmedt4-groepa\\laravel-backend\\vendor\\laravel\\framework\\src\\Illuminate\\Routing\\Pipeline.php(53): Illuminate\\Pipeline\\Pipeline->Illuminate\\Pipeline\\{closure}(Object(Illuminate\\Http\\Request))
#33 C:\\Users\\Larsd\\Documents\\School\\Jaar2\\Periode4\\IPMEDT4\\ipmedt4-groepa\\laravel-backend\\vendor\\laravel\\framework\\src\\Illuminate\\Foundation\\Http\\Middleware\\ValidatePostSize.php(27): Illuminate\\Routing\\Pipeline->Illuminate\\Routing\\{closure}(Object(Illuminate\\Http\\Request))
#34 C:\\Users\\Larsd\\Documents\\School\\Jaar2\\Periode4\\IPMEDT4\\ipmedt4-groepa\\laravel-backend\\vendor\\laravel\\framework\\src\\Illuminate\\Pipeline\\Pipeline.php(163): Illuminate\\Foundation\\Http\\Middleware\\ValidatePostSize->handle(Object(Illuminate\\Http\\Request), Object(Closure))
#35 C:\\Users\\Larsd\\Documents\\School\\Jaar2\\Periode4\\IPMEDT4\\ipmedt4-groepa\\laravel-backend\\vendor\\laravel\\framework\\src\\Illuminate\\Routing\\Pipeline.php(53): Illuminate\\Pipeline\\Pipeline->Illuminate\\Pipeline\\{closure}(Object(Illuminate\\Http\\Request))
#36 C:\\Users\\Larsd\\Documents\\School\\Jaar2\\Periode4\\IPMEDT4\\ipmedt4-groepa\\laravel-backend\\vendor\\laravel\\framework\\src\\Illuminate\\Foundation\\Http\\Middleware\\CheckForMaintenanceMode.php(62): Illuminate\\Routing\\Pipeline->Illuminate\\Routing\\{closure}(Object(Illuminate\\Http\\Request))
#37 C:\\Users\\Larsd\\Documents\\School\\Jaar2\\Periode4\\IPMEDT4\\ipmedt4-groepa\\laravel-backend\\vendor\\laravel\\framework\\src\\Illuminate\\Pipeline\\Pipeline.php(163): Illuminate\\Foundation\\Http\\Middleware\\CheckForMaintenanceMode->handle(Object(Illuminate\\Http\\Request), Object(Closure))
#38 C:\\Users\\Larsd\\Documents\\School\\Jaar2\\Periode4\\IPMEDT4\\ipmedt4-groepa\\laravel-backend\\vendor\\laravel\\framework\\src\\Illuminate\\Routing\\Pipeline.php(53): Illuminate\\Pipeline\\Pipeline->Illuminate\\Pipeline\\{closure}(Object(Illuminate\\Http\\Request))
#39 C:\\Users\\Larsd\\Documents\\School\\Jaar2\\Periode4\\IPMEDT4\\ipmedt4-groepa\\laravel-backend\\vendor\\laravel\\framework\\src\\Illuminate\\Pipeline\\Pipeline.php(104): Illuminate\\Routing\\Pipeline->Illuminate\\Routing\\{closure}(Object(Illuminate\\Http\\Request))
#40 C:\\Users\\Larsd\\Documents\\School\\Jaar2\\Periode4\\IPMEDT4\\ipmedt4-groepa\\laravel-backend\\vendor\\laravel\\framework\\src\\Illuminate\\Foundation\\Http\\Kernel.php(151): Illuminate\\Pipeline\\Pipeline->then(Object(Closure))
#41 C:\\Users\\Larsd\\Documents\\School\\Jaar2\\Periode4\\IPMEDT4\\ipmedt4-groepa\\laravel-backend\\vendor\\laravel\\framework\\src\\Illuminate\\Foundation\\Http\\Kernel.php(116): Illuminate\\Foundation\\Http\\Kernel->sendRequestThroughRouter(Object(Illuminate\\Http\\Request))
#42 C:\\Users\\Larsd\\Documents\\School\\Jaar2\\Periode4\\IPMEDT4\\ipmedt4-groepa\\laravel-backend\\public\\index.php(55): Illuminate\\Foundation\\Http\\Kernel->handle(Object(Illuminate\\Http\\Request))
#43 C:\\Users\\Larsd\\Documents\\School\\Jaar2\\Periode4\\IPMEDT4\\ipmedt4-groepa\\laravel-backend\\server.php(21): require_once('C:\\\\Users\\\\Larsd\\\\...')
#44 {main}
"} 
[2019-06-27 21:50:19] local.ERROR: Argument 1 passed to App\Http\Controllers\Controller::validate() must be an instance of Illuminate\Http\Request, array given, called in C:\Users\Larsd\Documents\School\Jaar2\Periode4\IPMEDT4\ipmedt4-groepa\laravel-backend\app\Http\Controllers\UserController.php on line 70 {"exception":"[object] (Symfony\\Component\\Debug\\Exception\\FatalThrowableError(code: 0): Argument 1 passed to App\\Http\\Controllers\\Controller::validate() must be an instance of Illuminate\\Http\\Request, array given, called in C:\\Users\\Larsd\\Documents\\School\\Jaar2\\Periode4\\IPMEDT4\\ipmedt4-groepa\\laravel-backend\\app\\Http\\Controllers\\UserController.php on line 70 at C:\\Users\\Larsd\\Documents\\School\\Jaar2\\Periode4\\IPMEDT4\\ipmedt4-groepa\\laravel-backend\\vendor\\laravel\\framework\\src\\Illuminate\\Foundation\\Validation\\ValidatesRequests.php:42)
[stacktrace]
#0 C:\\Users\\Larsd\\Documents\\School\\Jaar2\\Periode4\\IPMEDT4\\ipmedt4-groepa\\laravel-backend\\app\\Http\\Controllers\\UserController.php(70): App\\Http\\Controllers\\Controller->validate(Array, Array)
#1 [internal function]: App\\Http\\Controllers\\UserController->login('groepaipmedt4@e...', 'hjk')
#2 C:\\Users\\Larsd\\Documents\\School\\Jaar2\\Periode4\\IPMEDT4\\ipmedt4-groepa\\laravel-backend\\vendor\\laravel\\framework\\src\\Illuminate\\Routing\\Controller.php(54): call_user_func_array(Array, Array)
#3 C:\\Users\\Larsd\\Documents\\School\\Jaar2\\Periode4\\IPMEDT4\\ipmedt4-groepa\\laravel-backend\\vendor\\laravel\\framework\\src\\Illuminate\\Routing\\ControllerDispatcher.php(45): Illuminate\\Routing\\Controller->callAction('login', Array)
#4 C:\\Users\\Larsd\\Documents\\School\\Jaar2\\Periode4\\IPMEDT4\\ipmedt4-groepa\\laravel-backend\\vendor\\laravel\\framework\\src\\Illuminate\\Routing\\Route.php(219): Illuminate\\Routing\\ControllerDispatcher->dispatch(Object(Illuminate\\Routing\\Route), Object(App\\Http\\Controllers\\UserController), 'login')
#5 C:\\Users\\Larsd\\Documents\\School\\Jaar2\\Periode4\\IPMEDT4\\ipmedt4-groepa\\laravel-backend\\vendor\\laravel\\framework\\src\\Illuminate\\Routing\\Route.php(176): Illuminate\\Routing\\Route->runController()
#6 C:\\Users\\Larsd\\Documents\\School\\Jaar2\\Periode4\\IPMEDT4\\ipmedt4-groepa\\laravel-backend\\vendor\\laravel\\framework\\src\\Illuminate\\Routing\\Router.php(680): Illuminate\\Routing\\Route->run()
#7 C:\\Users\\Larsd\\Documents\\School\\Jaar2\\Periode4\\IPMEDT4\\ipmedt4-groepa\\laravel-backend\\vendor\\laravel\\framework\\src\\Illuminate\\Routing\\Pipeline.php(30): Illuminate\\Routing\\Router->Illuminate\\Routing\\{closure}(Object(Illuminate\\Http\\Request))
#8 C:\\Users\\Larsd\\Documents\\School\\Jaar2\\Periode4\\IPMEDT4\\ipmedt4-groepa\\laravel-backend\\app\\Http\\Middleware\\Cors.php(18): Illuminate\\Routing\\Pipeline->Illuminate\\Routing\\{closure}(Object(Illuminate\\Http\\Request))
#9 C:\\Users\\Larsd\\Documents\\School\\Jaar2\\Periode4\\IPMEDT4\\ipmedt4-groepa\\laravel-backend\\vendor\\laravel\\framework\\src\\Illuminate\\Pipeline\\Pipeline.php(163): App\\Http\\Middleware\\Cors->handle(Object(Illuminate\\Http\\Request), Object(Closure))
#10 C:\\Users\\Larsd\\Documents\\School\\Jaar2\\Periode4\\IPMEDT4\\ipmedt4-groepa\\laravel-backend\\vendor\\laravel\\framework\\src\\Illuminate\\Routing\\Pipeline.php(53): Illuminate\\Pipeline\\Pipeline->Illuminate\\Pipeline\\{closure}(Object(Illuminate\\Http\\Request))
#11 C:\\Users\\Larsd\\Documents\\School\\Jaar2\\Periode4\\IPMEDT4\\ipmedt4-groepa\\laravel-backend\\vendor\\laravel\\framework\\src\\Illuminate\\Routing\\Middleware\\SubstituteBindings.php(41): Illuminate\\Routing\\Pipeline->Illuminate\\Routing\\{closure}(Object(Illuminate\\Http\\Request))
#12 C:\\Users\\Larsd\\Documents\\School\\Jaar2\\Periode4\\IPMEDT4\\ipmedt4-groepa\\laravel-backend\\vendor\\laravel\\framework\\src\\Illuminate\\Pipeline\\Pipeline.php(163): Illuminate\\Routing\\Middleware\\SubstituteBindings->handle(Object(Illuminate\\Http\\Request), Object(Closure))
#13 C:\\Users\\Larsd\\Documents\\School\\Jaar2\\Periode4\\IPMEDT4\\ipmedt4-groepa\\laravel-backend\\vendor\\laravel\\framework\\src\\Illuminate\\Routing\\Pipeline.php(53): Illuminate\\Pipeline\\Pipeline->Illuminate\\Pipeline\\{closure}(Object(Illuminate\\Http\\Request))
#14 C:\\Users\\Larsd\\Documents\\School\\Jaar2\\Periode4\\IPMEDT4\\ipmedt4-groepa\\laravel-backend\\vendor\\laravel\\framework\\src\\Illuminate\\Routing\\Middleware\\ThrottleRequests.php(58): Illuminate\\Routing\\Pipeline->Illuminate\\Routing\\{closure}(Object(Illuminate\\Http\\Request))
#15 C:\\Users\\Larsd\\Documents\\School\\Jaar2\\Periode4\\IPMEDT4\\ipmedt4-groepa\\laravel-backend\\vendor\\laravel\\framework\\src\\Illuminate\\Pipeline\\Pipeline.php(163): Illuminate\\Routing\\Middleware\\ThrottleRequests->handle(Object(Illuminate\\Http\\Request), Object(Closure), 60, '1')
#16 C:\\Users\\Larsd\\Documents\\School\\Jaar2\\Periode4\\IPMEDT4\\ipmedt4-groepa\\laravel-backend\\vendor\\laravel\\framework\\src\\Illuminate\\Routing\\Pipeline.php(53): Illuminate\\Pipeline\\Pipeline->Illuminate\\Pipeline\\{closure}(Object(Illuminate\\Http\\Request))
#17 C:\\Users\\Larsd\\Documents\\School\\Jaar2\\Periode4\\IPMEDT4\\ipmedt4-groepa\\laravel-backend\\vendor\\laravel\\framework\\src\\Illuminate\\Pipeline\\Pipeline.php(104): Illuminate\\Routing\\Pipeline->Illuminate\\Routing\\{closure}(Object(Illuminate\\Http\\Request))
#18 C:\\Users\\Larsd\\Documents\\School\\Jaar2\\Periode4\\IPMEDT4\\ipmedt4-groepa\\laravel-backend\\vendor\\laravel\\framework\\src\\Illuminate\\Routing\\Router.php(682): Illuminate\\Pipeline\\Pipeline->then(Object(Closure))
#19 C:\\Users\\Larsd\\Documents\\School\\Jaar2\\Periode4\\IPMEDT4\\ipmedt4-groepa\\laravel-backend\\vendor\\laravel\\framework\\src\\Illuminate\\Routing\\Router.php(657): Illuminate\\Routing\\Router->runRouteWithinStack(Object(Illuminate\\Routing\\Route), Object(Illuminate\\Http\\Request))
#20 C:\\Users\\Larsd\\Documents\\School\\Jaar2\\Periode4\\IPMEDT4\\ipmedt4-groepa\\laravel-backend\\vendor\\laravel\\framework\\src\\Illuminate\\Routing\\Router.php(623): Illuminate\\Routing\\Router->runRoute(Object(Illuminate\\Http\\Request), Object(Illuminate\\Routing\\Route))
#21 C:\\Users\\Larsd\\Documents\\School\\Jaar2\\Periode4\\IPMEDT4\\ipmedt4-groepa\\laravel-backend\\vendor\\laravel\\framework\\src\\Illuminate\\Routing\\Router.php(612): Illuminate\\Routing\\Router->dispatchToRoute(Object(Illuminate\\Http\\Request))
#22 C:\\Users\\Larsd\\Documents\\School\\Jaar2\\Periode4\\IPMEDT4\\ipmedt4-groepa\\laravel-backend\\vendor\\laravel\\framework\\src\\Illuminate\\Foundation\\Http\\Kernel.php(176): Illuminate\\Routing\\Router->dispatch(Object(Illuminate\\Http\\Request))
#23 C:\\Users\\Larsd\\Documents\\School\\Jaar2\\Periode4\\IPMEDT4\\ipmedt4-groepa\\laravel-backend\\vendor\\laravel\\framework\\src\\Illuminate\\Routing\\Pipeline.php(30): Illuminate\\Foundation\\Http\\Kernel->Illuminate\\Foundation\\Http\\{closure}(Object(Illuminate\\Http\\Request))
#24 C:\\Users\\Larsd\\Documents\\School\\Jaar2\\Periode4\\IPMEDT4\\ipmedt4-groepa\\laravel-backend\\vendor\\fideloper\\proxy\\src\\TrustProxies.php(57): Illuminate\\Routing\\Pipeline->Illuminate\\Routing\\{closure}(Object(Illuminate\\Http\\Request))
#25 C:\\Users\\Larsd\\Documents\\School\\Jaar2\\Periode4\\IPMEDT4\\ipmedt4-groepa\\laravel-backend\\vendor\\laravel\\framework\\src\\Illuminate\\Pipeline\\Pipeline.php(163): Fideloper\\Proxy\\TrustProxies->handle(Object(Illuminate\\Http\\Request), Object(Closure))
#26 C:\\Users\\Larsd\\Documents\\School\\Jaar2\\Periode4\\IPMEDT4\\ipmedt4-groepa\\laravel-backend\\vendor\\laravel\\framework\\src\\Illuminate\\Routing\\Pipeline.php(53): Illuminate\\Pipeline\\Pipeline->Illuminate\\Pipeline\\{closure}(Object(Illuminate\\Http\\Request))
#27 C:\\Users\\Larsd\\Documents\\School\\Jaar2\\Periode4\\IPMEDT4\\ipmedt4-groepa\\laravel-backend\\vendor\\laravel\\framework\\src\\Illuminate\\Foundation\\Http\\Middleware\\TransformsRequest.php(21): Illuminate\\Routing\\Pipeline->Illuminate\\Routing\\{closure}(Object(Illuminate\\Http\\Request))
#28 C:\\Users\\Larsd\\Documents\\School\\Jaar2\\Periode4\\IPMEDT4\\ipmedt4-groepa\\laravel-backend\\vendor\\laravel\\framework\\src\\Illuminate\\Pipeline\\Pipeline.php(163): Illuminate\\Foundation\\Http\\Middleware\\TransformsRequest->handle(Object(Illuminate\\Http\\Request), Object(Closure))
#29 C:\\Users\\Larsd\\Documents\\School\\Jaar2\\Periode4\\IPMEDT4\\ipmedt4-groepa\\laravel-backend\\vendor\\laravel\\framework\\src\\Illuminate\\Routing\\Pipeline.php(53): Illuminate\\Pipeline\\Pipeline->Illuminate\\Pipeline\\{closure}(Object(Illuminate\\Http\\Request))
#30 C:\\Users\\Larsd\\Documents\\School\\Jaar2\\Periode4\\IPMEDT4\\ipmedt4-groepa\\laravel-backend\\vendor\\laravel\\framework\\src\\Illuminate\\Foundation\\Http\\Middleware\\TransformsRequest.php(21): Illuminate\\Routing\\Pipeline->Illuminate\\Routing\\{closure}(Object(Illuminate\\Http\\Request))
#31 C:\\Users\\Larsd\\Documents\\School\\Jaar2\\Periode4\\IPMEDT4\\ipmedt4-groepa\\laravel-backend\\vendor\\laravel\\framework\\src\\Illuminate\\Pipeline\\Pipeline.php(163): Illuminate\\Foundation\\Http\\Middleware\\TransformsRequest->handle(Object(Illuminate\\Http\\Request), Object(Closure))
#32 C:\\Users\\Larsd\\Documents\\School\\Jaar2\\Periode4\\IPMEDT4\\ipmedt4-groepa\\laravel-backend\\vendor\\laravel\\framework\\src\\Illuminate\\Routing\\Pipeline.php(53): Illuminate\\Pipeline\\Pipeline->Illuminate\\Pipeline\\{closure}(Object(Illuminate\\Http\\Request))
#33 C:\\Users\\Larsd\\Documents\\School\\Jaar2\\Periode4\\IPMEDT4\\ipmedt4-groepa\\laravel-backend\\vendor\\laravel\\framework\\src\\Illuminate\\Foundation\\Http\\Middleware\\ValidatePostSize.php(27): Illuminate\\Routing\\Pipeline->Illuminate\\Routing\\{closure}(Object(Illuminate\\Http\\Request))
#34 C:\\Users\\Larsd\\Documents\\School\\Jaar2\\Periode4\\IPMEDT4\\ipmedt4-groepa\\laravel-backend\\vendor\\laravel\\framework\\src\\Illuminate\\Pipeline\\Pipeline.php(163): Illuminate\\Foundation\\Http\\Middleware\\ValidatePostSize->handle(Object(Illuminate\\Http\\Request), Object(Closure))
#35 C:\\Users\\Larsd\\Documents\\School\\Jaar2\\Periode4\\IPMEDT4\\ipmedt4-groepa\\laravel-backend\\vendor\\laravel\\framework\\src\\Illuminate\\Routing\\Pipeline.php(53): Illuminate\\Pipeline\\Pipeline->Illuminate\\Pipeline\\{closure}(Object(Illuminate\\Http\\Request))
#36 C:\\Users\\Larsd\\Documents\\School\\Jaar2\\Periode4\\IPMEDT4\\ipmedt4-groepa\\laravel-backend\\vendor\\laravel\\framework\\src\\Illuminate\\Foundation\\Http\\Middleware\\CheckForMaintenanceMode.php(62): Illuminate\\Routing\\Pipeline->Illuminate\\Routing\\{closure}(Object(Illuminate\\Http\\Request))
#37 C:\\Users\\Larsd\\Documents\\School\\Jaar2\\Periode4\\IPMEDT4\\ipmedt4-groepa\\laravel-backend\\vendor\\laravel\\framework\\src\\Illuminate\\Pipeline\\Pipeline.php(163): Illuminate\\Foundation\\Http\\Middleware\\CheckForMaintenanceMode->handle(Object(Illuminate\\Http\\Request), Object(Closure))
#38 C:\\Users\\Larsd\\Documents\\School\\Jaar2\\Periode4\\IPMEDT4\\ipmedt4-groepa\\laravel-backend\\vendor\\laravel\\framework\\src\\Illuminate\\Routing\\Pipeline.php(53): Illuminate\\Pipeline\\Pipeline->Illuminate\\Pipeline\\{closure}(Object(Illuminate\\Http\\Request))
#39 C:\\Users\\Larsd\\Documents\\School\\Jaar2\\Periode4\\IPMEDT4\\ipmedt4-groepa\\laravel-backend\\vendor\\laravel\\framework\\src\\Illuminate\\Pipeline\\Pipeline.php(104): Illuminate\\Routing\\Pipeline->Illuminate\\Routing\\{closure}(Object(Illuminate\\Http\\Request))
#40 C:\\Users\\Larsd\\Documents\\School\\Jaar2\\Periode4\\IPMEDT4\\ipmedt4-groepa\\laravel-backend\\vendor\\laravel\\framework\\src\\Illuminate\\Foundation\\Http\\Kernel.php(151): Illuminate\\Pipeline\\Pipeline->then(Object(Closure))
#41 C:\\Users\\Larsd\\Documents\\School\\Jaar2\\Periode4\\IPMEDT4\\ipmedt4-groepa\\laravel-backend\\vendor\\laravel\\framework\\src\\Illuminate\\Foundation\\Http\\Kernel.php(116): Illuminate\\Foundation\\Http\\Kernel->sendRequestThroughRouter(Object(Illuminate\\Http\\Request))
#42 C:\\Users\\Larsd\\Documents\\School\\Jaar2\\Periode4\\IPMEDT4\\ipmedt4-groepa\\laravel-backend\\public\\index.php(55): Illuminate\\Foundation\\Http\\Kernel->handle(Object(Illuminate\\Http\\Request))
#43 C:\\Users\\Larsd\\Documents\\School\\Jaar2\\Periode4\\IPMEDT4\\ipmedt4-groepa\\laravel-backend\\server.php(21): require_once('C:\\\\Users\\\\Larsd\\\\...')
#44 {main}
"} 
[2019-06-27 23:39:13] local.ERROR: Class 'App\Http\Controllers\Validator' not found {"exception":"[object] (Symfony\\Component\\Debug\\Exception\\FatalThrowableError(code: 0): Class 'App\\Http\\Controllers\\Validator' not found at C:\\Users\\Larsd\\Documents\\School\\Jaar2\\Periode4\\IPMEDT4\\ipmedt4-groepa\\laravel-backend\\app\\Http\\Controllers\\ComplaintsController.php:38)
[stacktrace]
#0 [internal function]: App\\Http\\Controllers\\ComplaintsController->store('IC302293', 'testpersoon', 'nnkcn@example.c...', 'cskjsckscjsksc')
#1 C:\\Users\\Larsd\\Documents\\School\\Jaar2\\Periode4\\IPMEDT4\\ipmedt4-groepa\\laravel-backend\\vendor\\laravel\\framework\\src\\Illuminate\\Routing\\Controller.php(54): call_user_func_array(Array, Array)
#2 C:\\Users\\Larsd\\Documents\\School\\Jaar2\\Periode4\\IPMEDT4\\ipmedt4-groepa\\laravel-backend\\vendor\\laravel\\framework\\src\\Illuminate\\Routing\\ControllerDispatcher.php(45): Illuminate\\Routing\\Controller->callAction('store', Array)
#3 C:\\Users\\Larsd\\Documents\\School\\Jaar2\\Periode4\\IPMEDT4\\ipmedt4-groepa\\laravel-backend\\vendor\\laravel\\framework\\src\\Illuminate\\Routing\\Route.php(219): Illuminate\\Routing\\ControllerDispatcher->dispatch(Object(Illuminate\\Routing\\Route), Object(App\\Http\\Controllers\\ComplaintsController), 'store')
#4 C:\\Users\\Larsd\\Documents\\School\\Jaar2\\Periode4\\IPMEDT4\\ipmedt4-groepa\\laravel-backend\\vendor\\laravel\\framework\\src\\Illuminate\\Routing\\Route.php(176): Illuminate\\Routing\\Route->runController()
#5 C:\\Users\\Larsd\\Documents\\School\\Jaar2\\Periode4\\IPMEDT4\\ipmedt4-groepa\\laravel-backend\\vendor\\laravel\\framework\\src\\Illuminate\\Routing\\Router.php(680): Illuminate\\Routing\\Route->run()
#6 C:\\Users\\Larsd\\Documents\\School\\Jaar2\\Periode4\\IPMEDT4\\ipmedt4-groepa\\laravel-backend\\vendor\\laravel\\framework\\src\\Illuminate\\Routing\\Pipeline.php(30): Illuminate\\Routing\\Router->Illuminate\\Routing\\{closure}(Object(Illuminate\\Http\\Request))
#7 C:\\Users\\Larsd\\Documents\\School\\Jaar2\\Periode4\\IPMEDT4\\ipmedt4-groepa\\laravel-backend\\app\\Http\\Middleware\\Cors.php(18): Illuminate\\Routing\\Pipeline->Illuminate\\Routing\\{closure}(Object(Illuminate\\Http\\Request))
#8 C:\\Users\\Larsd\\Documents\\School\\Jaar2\\Periode4\\IPMEDT4\\ipmedt4-groepa\\laravel-backend\\vendor\\laravel\\framework\\src\\Illuminate\\Pipeline\\Pipeline.php(163): App\\Http\\Middleware\\Cors->handle(Object(Illuminate\\Http\\Request), Object(Closure))
#9 C:\\Users\\Larsd\\Documents\\School\\Jaar2\\Periode4\\IPMEDT4\\ipmedt4-groepa\\laravel-backend\\vendor\\laravel\\framework\\src\\Illuminate\\Routing\\Pipeline.php(53): Illuminate\\Pipeline\\Pipeline->Illuminate\\Pipeline\\{closure}(Object(Illuminate\\Http\\Request))
#10 C:\\Users\\Larsd\\Documents\\School\\Jaar2\\Periode4\\IPMEDT4\\ipmedt4-groepa\\laravel-backend\\vendor\\laravel\\framework\\src\\Illuminate\\Routing\\Middleware\\SubstituteBindings.php(41): Illuminate\\Routing\\Pipeline->Illuminate\\Routing\\{closure}(Object(Illuminate\\Http\\Request))
#11 C:\\Users\\Larsd\\Documents\\School\\Jaar2\\Periode4\\IPMEDT4\\ipmedt4-groepa\\laravel-backend\\vendor\\laravel\\framework\\src\\Illuminate\\Pipeline\\Pipeline.php(163): Illuminate\\Routing\\Middleware\\SubstituteBindings->handle(Object(Illuminate\\Http\\Request), Object(Closure))
#12 C:\\Users\\Larsd\\Documents\\School\\Jaar2\\Periode4\\IPMEDT4\\ipmedt4-groepa\\laravel-backend\\vendor\\laravel\\framework\\src\\Illuminate\\Routing\\Pipeline.php(53): Illuminate\\Pipeline\\Pipeline->Illuminate\\Pipeline\\{closure}(Object(Illuminate\\Http\\Request))
#13 C:\\Users\\Larsd\\Documents\\School\\Jaar2\\Periode4\\IPMEDT4\\ipmedt4-groepa\\laravel-backend\\vendor\\laravel\\framework\\src\\Illuminate\\Routing\\Middleware\\ThrottleRequests.php(58): Illuminate\\Routing\\Pipeline->Illuminate\\Routing\\{closure}(Object(Illuminate\\Http\\Request))
#14 C:\\Users\\Larsd\\Documents\\School\\Jaar2\\Periode4\\IPMEDT4\\ipmedt4-groepa\\laravel-backend\\vendor\\laravel\\framework\\src\\Illuminate\\Pipeline\\Pipeline.php(163): Illuminate\\Routing\\Middleware\\ThrottleRequests->handle(Object(Illuminate\\Http\\Request), Object(Closure), 60, '1')
#15 C:\\Users\\Larsd\\Documents\\School\\Jaar2\\Periode4\\IPMEDT4\\ipmedt4-groepa\\laravel-backend\\vendor\\laravel\\framework\\src\\Illuminate\\Routing\\Pipeline.php(53): Illuminate\\Pipeline\\Pipeline->Illuminate\\Pipeline\\{closure}(Object(Illuminate\\Http\\Request))
#16 C:\\Users\\Larsd\\Documents\\School\\Jaar2\\Periode4\\IPMEDT4\\ipmedt4-groepa\\laravel-backend\\vendor\\laravel\\framework\\src\\Illuminate\\Pipeline\\Pipeline.php(104): Illuminate\\Routing\\Pipeline->Illuminate\\Routing\\{closure}(Object(Illuminate\\Http\\Request))
#17 C:\\Users\\Larsd\\Documents\\School\\Jaar2\\Periode4\\IPMEDT4\\ipmedt4-groepa\\laravel-backend\\vendor\\laravel\\framework\\src\\Illuminate\\Routing\\Router.php(682): Illuminate\\Pipeline\\Pipeline->then(Object(Closure))
#18 C:\\Users\\Larsd\\Documents\\School\\Jaar2\\Periode4\\IPMEDT4\\ipmedt4-groepa\\laravel-backend\\vendor\\laravel\\framework\\src\\Illuminate\\Routing\\Router.php(657): Illuminate\\Routing\\Router->runRouteWithinStack(Object(Illuminate\\Routing\\Route), Object(Illuminate\\Http\\Request))
#19 C:\\Users\\Larsd\\Documents\\School\\Jaar2\\Periode4\\IPMEDT4\\ipmedt4-groepa\\laravel-backend\\vendor\\laravel\\framework\\src\\Illuminate\\Routing\\Router.php(623): Illuminate\\Routing\\Router->runRoute(Object(Illuminate\\Http\\Request), Object(Illuminate\\Routing\\Route))
#20 C:\\Users\\Larsd\\Documents\\School\\Jaar2\\Periode4\\IPMEDT4\\ipmedt4-groepa\\laravel-backend\\vendor\\laravel\\framework\\src\\Illuminate\\Routing\\Router.php(612): Illuminate\\Routing\\Router->dispatchToRoute(Object(Illuminate\\Http\\Request))
#21 C:\\Users\\Larsd\\Documents\\School\\Jaar2\\Periode4\\IPMEDT4\\ipmedt4-groepa\\laravel-backend\\vendor\\laravel\\framework\\src\\Illuminate\\Foundation\\Http\\Kernel.php(176): Illuminate\\Routing\\Router->dispatch(Object(Illuminate\\Http\\Request))
#22 C:\\Users\\Larsd\\Documents\\School\\Jaar2\\Periode4\\IPMEDT4\\ipmedt4-groepa\\laravel-backend\\vendor\\laravel\\framework\\src\\Illuminate\\Routing\\Pipeline.php(30): Illuminate\\Foundation\\Http\\Kernel->Illuminate\\Foundation\\Http\\{closure}(Object(Illuminate\\Http\\Request))
#23 C:\\Users\\Larsd\\Documents\\School\\Jaar2\\Periode4\\IPMEDT4\\ipmedt4-groepa\\laravel-backend\\vendor\\fideloper\\proxy\\src\\TrustProxies.php(57): Illuminate\\Routing\\Pipeline->Illuminate\\Routing\\{closure}(Object(Illuminate\\Http\\Request))
#24 C:\\Users\\Larsd\\Documents\\School\\Jaar2\\Periode4\\IPMEDT4\\ipmedt4-groepa\\laravel-backend\\vendor\\laravel\\framework\\src\\Illuminate\\Pipeline\\Pipeline.php(163): Fideloper\\Proxy\\TrustProxies->handle(Object(Illuminate\\Http\\Request), Object(Closure))
#25 C:\\Users\\Larsd\\Documents\\School\\Jaar2\\Periode4\\IPMEDT4\\ipmedt4-groepa\\laravel-backend\\vendor\\laravel\\framework\\src\\Illuminate\\Routing\\Pipeline.php(53): Illuminate\\Pipeline\\Pipeline->Illuminate\\Pipeline\\{closure}(Object(Illuminate\\Http\\Request))
#26 C:\\Users\\Larsd\\Documents\\School\\Jaar2\\Periode4\\IPMEDT4\\ipmedt4-groepa\\laravel-backend\\vendor\\laravel\\framework\\src\\Illuminate\\Foundation\\Http\\Middleware\\TransformsRequest.php(21): Illuminate\\Routing\\Pipeline->Illuminate\\Routing\\{closure}(Object(Illuminate\\Http\\Request))
#27 C:\\Users\\Larsd\\Documents\\School\\Jaar2\\Periode4\\IPMEDT4\\ipmedt4-groepa\\laravel-backend\\vendor\\laravel\\framework\\src\\Illuminate\\Pipeline\\Pipeline.php(163): Illuminate\\Foundation\\Http\\Middleware\\TransformsRequest->handle(Object(Illuminate\\Http\\Request), Object(Closure))
#28 C:\\Users\\Larsd\\Documents\\School\\Jaar2\\Periode4\\IPMEDT4\\ipmedt4-groepa\\laravel-backend\\vendor\\laravel\\framework\\src\\Illuminate\\Routing\\Pipeline.php(53): Illuminate\\Pipeline\\Pipeline->Illuminate\\Pipeline\\{closure}(Object(Illuminate\\Http\\Request))
#29 C:\\Users\\Larsd\\Documents\\School\\Jaar2\\Periode4\\IPMEDT4\\ipmedt4-groepa\\laravel-backend\\vendor\\laravel\\framework\\src\\Illuminate\\Foundation\\Http\\Middleware\\TransformsRequest.php(21): Illuminate\\Routing\\Pipeline->Illuminate\\Routing\\{closure}(Object(Illuminate\\Http\\Request))
#30 C:\\Users\\Larsd\\Documents\\School\\Jaar2\\Periode4\\IPMEDT4\\ipmedt4-groepa\\laravel-backend\\vendor\\laravel\\framework\\src\\Illuminate\\Pipeline\\Pipeline.php(163): Illuminate\\Foundation\\Http\\Middleware\\TransformsRequest->handle(Object(Illuminate\\Http\\Request), Object(Closure))
#31 C:\\Users\\Larsd\\Documents\\School\\Jaar2\\Periode4\\IPMEDT4\\ipmedt4-groepa\\laravel-backend\\vendor\\laravel\\framework\\src\\Illuminate\\Routing\\Pipeline.php(53): Illuminate\\Pipeline\\Pipeline->Illuminate\\Pipeline\\{closure}(Object(Illuminate\\Http\\Request))
#32 C:\\Users\\Larsd\\Documents\\School\\Jaar2\\Periode4\\IPMEDT4\\ipmedt4-groepa\\laravel-backend\\vendor\\laravel\\framework\\src\\Illuminate\\Foundation\\Http\\Middleware\\ValidatePostSize.php(27): Illuminate\\Routing\\Pipeline->Illuminate\\Routing\\{closure}(Object(Illuminate\\Http\\Request))
#33 C:\\Users\\Larsd\\Documents\\School\\Jaar2\\Periode4\\IPMEDT4\\ipmedt4-groepa\\laravel-backend\\vendor\\laravel\\framework\\src\\Illuminate\\Pipeline\\Pipeline.php(163): Illuminate\\Foundation\\Http\\Middleware\\ValidatePostSize->handle(Object(Illuminate\\Http\\Request), Object(Closure))
#34 C:\\Users\\Larsd\\Documents\\School\\Jaar2\\Periode4\\IPMEDT4\\ipmedt4-groepa\\laravel-backend\\vendor\\laravel\\framework\\src\\Illuminate\\Routing\\Pipeline.php(53): Illuminate\\Pipeline\\Pipeline->Illuminate\\Pipeline\\{closure}(Object(Illuminate\\Http\\Request))
#35 C:\\Users\\Larsd\\Documents\\School\\Jaar2\\Periode4\\IPMEDT4\\ipmedt4-groepa\\laravel-backend\\vendor\\laravel\\framework\\src\\Illuminate\\Foundation\\Http\\Middleware\\CheckForMaintenanceMode.php(62): Illuminate\\Routing\\Pipeline->Illuminate\\Routing\\{closure}(Object(Illuminate\\Http\\Request))
#36 C:\\Users\\Larsd\\Documents\\School\\Jaar2\\Periode4\\IPMEDT4\\ipmedt4-groepa\\laravel-backend\\vendor\\laravel\\framework\\src\\Illuminate\\Pipeline\\Pipeline.php(163): Illuminate\\Foundation\\Http\\Middleware\\CheckForMaintenanceMode->handle(Object(Illuminate\\Http\\Request), Object(Closure))
#37 C:\\Users\\Larsd\\Documents\\School\\Jaar2\\Periode4\\IPMEDT4\\ipmedt4-groepa\\laravel-backend\\vendor\\laravel\\framework\\src\\Illuminate\\Routing\\Pipeline.php(53): Illuminate\\Pipeline\\Pipeline->Illuminate\\Pipeline\\{closure}(Object(Illuminate\\Http\\Request))
#38 C:\\Users\\Larsd\\Documents\\School\\Jaar2\\Periode4\\IPMEDT4\\ipmedt4-groepa\\laravel-backend\\vendor\\laravel\\framework\\src\\Illuminate\\Pipeline\\Pipeline.php(104): Illuminate\\Routing\\Pipeline->Illuminate\\Routing\\{closure}(Object(Illuminate\\Http\\Request))
#39 C:\\Users\\Larsd\\Documents\\School\\Jaar2\\Periode4\\IPMEDT4\\ipmedt4-groepa\\laravel-backend\\vendor\\laravel\\framework\\src\\Illuminate\\Foundation\\Http\\Kernel.php(151): Illuminate\\Pipeline\\Pipeline->then(Object(Closure))
#40 C:\\Users\\Larsd\\Documents\\School\\Jaar2\\Periode4\\IPMEDT4\\ipmedt4-groepa\\laravel-backend\\vendor\\laravel\\framework\\src\\Illuminate\\Foundation\\Http\\Kernel.php(116): Illuminate\\Foundation\\Http\\Kernel->sendRequestThroughRouter(Object(Illuminate\\Http\\Request))
#41 C:\\Users\\Larsd\\Documents\\School\\Jaar2\\Periode4\\IPMEDT4\\ipmedt4-groepa\\laravel-backend\\public\\index.php(55): Illuminate\\Foundation\\Http\\Kernel->handle(Object(Illuminate\\Http\\Request))
#42 C:\\Users\\Larsd\\Documents\\School\\Jaar2\\Periode4\\IPMEDT4\\ipmedt4-groepa\\laravel-backend\\server.php(21): require_once('C:\\\\Users\\\\Larsd\\\\...')
#43 {main}
"} 
[2019-06-27 23:40:13] local.ERROR: Undefined variable: password {"exception":"[object] (ErrorException(code: 0): Undefined variable: password at C:\\Users\\Larsd\\Documents\\School\\Jaar2\\Periode4\\IPMEDT4\\ipmedt4-groepa\\laravel-backend\\app\\Http\\Controllers\\ComplaintsController.php:73)
[stacktrace]
#0 C:\\Users\\Larsd\\Documents\\School\\Jaar2\\Periode4\\IPMEDT4\\ipmedt4-groepa\\laravel-backend\\app\\Http\\Controllers\\ComplaintsController.php(73): Illuminate\\Foundation\\Bootstrap\\HandleExceptions->handleError(8, 'Undefined varia...', 'C:\\\\Users\\\\Larsd\\\\...', 73, Array)
#1 [internal function]: App\\Http\\Controllers\\ComplaintsController->store('IC302293', 'test', 'test@example.co...', 'nmkcvncksn')
#2 C:\\Users\\Larsd\\Documents\\School\\Jaar2\\Periode4\\IPMEDT4\\ipmedt4-groepa\\laravel-backend\\vendor\\laravel\\framework\\src\\Illuminate\\Routing\\Controller.php(54): call_user_func_array(Array, Array)
#3 C:\\Users\\Larsd\\Documents\\School\\Jaar2\\Periode4\\IPMEDT4\\ipmedt4-groepa\\laravel-backend\\vendor\\laravel\\framework\\src\\Illuminate\\Routing\\ControllerDispatcher.php(45): Illuminate\\Routing\\Controller->callAction('store', Array)
#4 C:\\Users\\Larsd\\Documents\\School\\Jaar2\\Periode4\\IPMEDT4\\ipmedt4-groepa\\laravel-backend\\vendor\\laravel\\framework\\src\\Illuminate\\Routing\\Route.php(219): Illuminate\\Routing\\ControllerDispatcher->dispatch(Object(Illuminate\\Routing\\Route), Object(App\\Http\\Controllers\\ComplaintsController), 'store')
#5 C:\\Users\\Larsd\\Documents\\School\\Jaar2\\Periode4\\IPMEDT4\\ipmedt4-groepa\\laravel-backend\\vendor\\laravel\\framework\\src\\Illuminate\\Routing\\Route.php(176): Illuminate\\Routing\\Route->runController()
#6 C:\\Users\\Larsd\\Documents\\School\\Jaar2\\Periode4\\IPMEDT4\\ipmedt4-groepa\\laravel-backend\\vendor\\laravel\\framework\\src\\Illuminate\\Routing\\Router.php(680): Illuminate\\Routing\\Route->run()
#7 C:\\Users\\Larsd\\Documents\\School\\Jaar2\\Periode4\\IPMEDT4\\ipmedt4-groepa\\laravel-backend\\vendor\\laravel\\framework\\src\\Illuminate\\Routing\\Pipeline.php(30): Illuminate\\Routing\\Router->Illuminate\\Routing\\{closure}(Object(Illuminate\\Http\\Request))
#8 C:\\Users\\Larsd\\Documents\\School\\Jaar2\\Periode4\\IPMEDT4\\ipmedt4-groepa\\laravel-backend\\app\\Http\\Middleware\\Cors.php(18): Illuminate\\Routing\\Pipeline->Illuminate\\Routing\\{closure}(Object(Illuminate\\Http\\Request))
#9 C:\\Users\\Larsd\\Documents\\School\\Jaar2\\Periode4\\IPMEDT4\\ipmedt4-groepa\\laravel-backend\\vendor\\laravel\\framework\\src\\Illuminate\\Pipeline\\Pipeline.php(163): App\\Http\\Middleware\\Cors->handle(Object(Illuminate\\Http\\Request), Object(Closure))
#10 C:\\Users\\Larsd\\Documents\\School\\Jaar2\\Periode4\\IPMEDT4\\ipmedt4-groepa\\laravel-backend\\vendor\\laravel\\framework\\src\\Illuminate\\Routing\\Pipeline.php(53): Illuminate\\Pipeline\\Pipeline->Illuminate\\Pipeline\\{closure}(Object(Illuminate\\Http\\Request))
#11 C:\\Users\\Larsd\\Documents\\School\\Jaar2\\Periode4\\IPMEDT4\\ipmedt4-groepa\\laravel-backend\\vendor\\laravel\\framework\\src\\Illuminate\\Routing\\Middleware\\SubstituteBindings.php(41): Illuminate\\Routing\\Pipeline->Illuminate\\Routing\\{closure}(Object(Illuminate\\Http\\Request))
#12 C:\\Users\\Larsd\\Documents\\School\\Jaar2\\Periode4\\IPMEDT4\\ipmedt4-groepa\\laravel-backend\\vendor\\laravel\\framework\\src\\Illuminate\\Pipeline\\Pipeline.php(163): Illuminate\\Routing\\Middleware\\SubstituteBindings->handle(Object(Illuminate\\Http\\Request), Object(Closure))
#13 C:\\Users\\Larsd\\Documents\\School\\Jaar2\\Periode4\\IPMEDT4\\ipmedt4-groepa\\laravel-backend\\vendor\\laravel\\framework\\src\\Illuminate\\Routing\\Pipeline.php(53): Illuminate\\Pipeline\\Pipeline->Illuminate\\Pipeline\\{closure}(Object(Illuminate\\Http\\Request))
#14 C:\\Users\\Larsd\\Documents\\School\\Jaar2\\Periode4\\IPMEDT4\\ipmedt4-groepa\\laravel-backend\\vendor\\laravel\\framework\\src\\Illuminate\\Routing\\Middleware\\ThrottleRequests.php(58): Illuminate\\Routing\\Pipeline->Illuminate\\Routing\\{closure}(Object(Illuminate\\Http\\Request))
#15 C:\\Users\\Larsd\\Documents\\School\\Jaar2\\Periode4\\IPMEDT4\\ipmedt4-groepa\\laravel-backend\\vendor\\laravel\\framework\\src\\Illuminate\\Pipeline\\Pipeline.php(163): Illuminate\\Routing\\Middleware\\ThrottleRequests->handle(Object(Illuminate\\Http\\Request), Object(Closure), 60, '1')
#16 C:\\Users\\Larsd\\Documents\\School\\Jaar2\\Periode4\\IPMEDT4\\ipmedt4-groepa\\laravel-backend\\vendor\\laravel\\framework\\src\\Illuminate\\Routing\\Pipeline.php(53): Illuminate\\Pipeline\\Pipeline->Illuminate\\Pipeline\\{closure}(Object(Illuminate\\Http\\Request))
#17 C:\\Users\\Larsd\\Documents\\School\\Jaar2\\Periode4\\IPMEDT4\\ipmedt4-groepa\\laravel-backend\\vendor\\laravel\\framework\\src\\Illuminate\\Pipeline\\Pipeline.php(104): Illuminate\\Routing\\Pipeline->Illuminate\\Routing\\{closure}(Object(Illuminate\\Http\\Request))
#18 C:\\Users\\Larsd\\Documents\\School\\Jaar2\\Periode4\\IPMEDT4\\ipmedt4-groepa\\laravel-backend\\vendor\\laravel\\framework\\src\\Illuminate\\Routing\\Router.php(682): Illuminate\\Pipeline\\Pipeline->then(Object(Closure))
#19 C:\\Users\\Larsd\\Documents\\School\\Jaar2\\Periode4\\IPMEDT4\\ipmedt4-groepa\\laravel-backend\\vendor\\laravel\\framework\\src\\Illuminate\\Routing\\Router.php(657): Illuminate\\Routing\\Router->runRouteWithinStack(Object(Illuminate\\Routing\\Route), Object(Illuminate\\Http\\Request))
#20 C:\\Users\\Larsd\\Documents\\School\\Jaar2\\Periode4\\IPMEDT4\\ipmedt4-groepa\\laravel-backend\\vendor\\laravel\\framework\\src\\Illuminate\\Routing\\Router.php(623): Illuminate\\Routing\\Router->runRoute(Object(Illuminate\\Http\\Request), Object(Illuminate\\Routing\\Route))
#21 C:\\Users\\Larsd\\Documents\\School\\Jaar2\\Periode4\\IPMEDT4\\ipmedt4-groepa\\laravel-backend\\vendor\\laravel\\framework\\src\\Illuminate\\Routing\\Router.php(612): Illuminate\\Routing\\Router->dispatchToRoute(Object(Illuminate\\Http\\Request))
#22 C:\\Users\\Larsd\\Documents\\School\\Jaar2\\Periode4\\IPMEDT4\\ipmedt4-groepa\\laravel-backend\\vendor\\laravel\\framework\\src\\Illuminate\\Foundation\\Http\\Kernel.php(176): Illuminate\\Routing\\Router->dispatch(Object(Illuminate\\Http\\Request))
#23 C:\\Users\\Larsd\\Documents\\School\\Jaar2\\Periode4\\IPMEDT4\\ipmedt4-groepa\\laravel-backend\\vendor\\laravel\\framework\\src\\Illuminate\\Routing\\Pipeline.php(30): Illuminate\\Foundation\\Http\\Kernel->Illuminate\\Foundation\\Http\\{closure}(Object(Illuminate\\Http\\Request))
#24 C:\\Users\\Larsd\\Documents\\School\\Jaar2\\Periode4\\IPMEDT4\\ipmedt4-groepa\\laravel-backend\\vendor\\fideloper\\proxy\\src\\TrustProxies.php(57): Illuminate\\Routing\\Pipeline->Illuminate\\Routing\\{closure}(Object(Illuminate\\Http\\Request))
#25 C:\\Users\\Larsd\\Documents\\School\\Jaar2\\Periode4\\IPMEDT4\\ipmedt4-groepa\\laravel-backend\\vendor\\laravel\\framework\\src\\Illuminate\\Pipeline\\Pipeline.php(163): Fideloper\\Proxy\\TrustProxies->handle(Object(Illuminate\\Http\\Request), Object(Closure))
#26 C:\\Users\\Larsd\\Documents\\School\\Jaar2\\Periode4\\IPMEDT4\\ipmedt4-groepa\\laravel-backend\\vendor\\laravel\\framework\\src\\Illuminate\\Routing\\Pipeline.php(53): Illuminate\\Pipeline\\Pipeline->Illuminate\\Pipeline\\{closure}(Object(Illuminate\\Http\\Request))
#27 C:\\Users\\Larsd\\Documents\\School\\Jaar2\\Periode4\\IPMEDT4\\ipmedt4-groepa\\laravel-backend\\vendor\\laravel\\framework\\src\\Illuminate\\Foundation\\Http\\Middleware\\TransformsRequest.php(21): Illuminate\\Routing\\Pipeline->Illuminate\\Routing\\{closure}(Object(Illuminate\\Http\\Request))
#28 C:\\Users\\Larsd\\Documents\\School\\Jaar2\\Periode4\\IPMEDT4\\ipmedt4-groepa\\laravel-backend\\vendor\\laravel\\framework\\src\\Illuminate\\Pipeline\\Pipeline.php(163): Illuminate\\Foundation\\Http\\Middleware\\TransformsRequest->handle(Object(Illuminate\\Http\\Request), Object(Closure))
#29 C:\\Users\\Larsd\\Documents\\School\\Jaar2\\Periode4\\IPMEDT4\\ipmedt4-groepa\\laravel-backend\\vendor\\laravel\\framework\\src\\Illuminate\\Routing\\Pipeline.php(53): Illuminate\\Pipeline\\Pipeline->Illuminate\\Pipeline\\{closure}(Object(Illuminate\\Http\\Request))
#30 C:\\Users\\Larsd\\Documents\\School\\Jaar2\\Periode4\\IPMEDT4\\ipmedt4-groepa\\laravel-backend\\vendor\\laravel\\framework\\src\\Illuminate\\Foundation\\Http\\Middleware\\TransformsRequest.php(21): Illuminate\\Routing\\Pipeline->Illuminate\\Routing\\{closure}(Object(Illuminate\\Http\\Request))
#31 C:\\Users\\Larsd\\Documents\\School\\Jaar2\\Periode4\\IPMEDT4\\ipmedt4-groepa\\laravel-backend\\vendor\\laravel\\framework\\src\\Illuminate\\Pipeline\\Pipeline.php(163): Illuminate\\Foundation\\Http\\Middleware\\TransformsRequest->handle(Object(Illuminate\\Http\\Request), Object(Closure))
#32 C:\\Users\\Larsd\\Documents\\School\\Jaar2\\Periode4\\IPMEDT4\\ipmedt4-groepa\\laravel-backend\\vendor\\laravel\\framework\\src\\Illuminate\\Routing\\Pipeline.php(53): Illuminate\\Pipeline\\Pipeline->Illuminate\\Pipeline\\{closure}(Object(Illuminate\\Http\\Request))
#33 C:\\Users\\Larsd\\Documents\\School\\Jaar2\\Periode4\\IPMEDT4\\ipmedt4-groepa\\laravel-backend\\vendor\\laravel\\framework\\src\\Illuminate\\Foundation\\Http\\Middleware\\ValidatePostSize.php(27): Illuminate\\Routing\\Pipeline->Illuminate\\Routing\\{closure}(Object(Illuminate\\Http\\Request))
#34 C:\\Users\\Larsd\\Documents\\School\\Jaar2\\Periode4\\IPMEDT4\\ipmedt4-groepa\\laravel-backend\\vendor\\laravel\\framework\\src\\Illuminate\\Pipeline\\Pipeline.php(163): Illuminate\\Foundation\\Http\\Middleware\\ValidatePostSize->handle(Object(Illuminate\\Http\\Request), Object(Closure))
#35 C:\\Users\\Larsd\\Documents\\School\\Jaar2\\Periode4\\IPMEDT4\\ipmedt4-groepa\\laravel-backend\\vendor\\laravel\\framework\\src\\Illuminate\\Routing\\Pipeline.php(53): Illuminate\\Pipeline\\Pipeline->Illuminate\\Pipeline\\{closure}(Object(Illuminate\\Http\\Request))
#36 C:\\Users\\Larsd\\Documents\\School\\Jaar2\\Periode4\\IPMEDT4\\ipmedt4-groepa\\laravel-backend\\vendor\\laravel\\framework\\src\\Illuminate\\Foundation\\Http\\Middleware\\CheckForMaintenanceMode.php(62): Illuminate\\Routing\\Pipeline->Illuminate\\Routing\\{closure}(Object(Illuminate\\Http\\Request))
#37 C:\\Users\\Larsd\\Documents\\School\\Jaar2\\Periode4\\IPMEDT4\\ipmedt4-groepa\\laravel-backend\\vendor\\laravel\\framework\\src\\Illuminate\\Pipeline\\Pipeline.php(163): Illuminate\\Foundation\\Http\\Middleware\\CheckForMaintenanceMode->handle(Object(Illuminate\\Http\\Request), Object(Closure))
#38 C:\\Users\\Larsd\\Documents\\School\\Jaar2\\Periode4\\IPMEDT4\\ipmedt4-groepa\\laravel-backend\\vendor\\laravel\\framework\\src\\Illuminate\\Routing\\Pipeline.php(53): Illuminate\\Pipeline\\Pipeline->Illuminate\\Pipeline\\{closure}(Object(Illuminate\\Http\\Request))
#39 C:\\Users\\Larsd\\Documents\\School\\Jaar2\\Periode4\\IPMEDT4\\ipmedt4-groepa\\laravel-backend\\vendor\\laravel\\framework\\src\\Illuminate\\Pipeline\\Pipeline.php(104): Illuminate\\Routing\\Pipeline->Illuminate\\Routing\\{closure}(Object(Illuminate\\Http\\Request))
#40 C:\\Users\\Larsd\\Documents\\School\\Jaar2\\Periode4\\IPMEDT4\\ipmedt4-groepa\\laravel-backend\\vendor\\laravel\\framework\\src\\Illuminate\\Foundation\\Http\\Kernel.php(151): Illuminate\\Pipeline\\Pipeline->then(Object(Closure))
#41 C:\\Users\\Larsd\\Documents\\School\\Jaar2\\Periode4\\IPMEDT4\\ipmedt4-groepa\\laravel-backend\\vendor\\laravel\\framework\\src\\Illuminate\\Foundation\\Http\\Kernel.php(116): Illuminate\\Foundation\\Http\\Kernel->sendRequestThroughRouter(Object(Illuminate\\Http\\Request))
#42 C:\\Users\\Larsd\\Documents\\School\\Jaar2\\Periode4\\IPMEDT4\\ipmedt4-groepa\\laravel-backend\\public\\index.php(55): Illuminate\\Foundation\\Http\\Kernel->handle(Object(Illuminate\\Http\\Request))
#43 C:\\Users\\Larsd\\Documents\\School\\Jaar2\\Periode4\\IPMEDT4\\ipmedt4-groepa\\laravel-backend\\server.php(21): require_once('C:\\\\Users\\\\Larsd\\\\...')
#44 {main}
"} 
